24-Oct-2017 10:27:16.629 INFO [main] org.apache.catalina.startup.VersionLoggerListener.log Server version:        Apache Tomcat/9.0.1
24-Oct-2017 10:27:16.689 INFO [main] org.apache.catalina.startup.VersionLoggerListener.log Server built:          Sep 27 2017 17:31:52 UTC
24-Oct-2017 10:27:16.689 INFO [main] org.apache.catalina.startup.VersionLoggerListener.log Server number:         9.0.1.0
24-Oct-2017 10:27:16.690 INFO [main] org.apache.catalina.startup.VersionLoggerListener.log OS Name:               Mac OS X
24-Oct-2017 10:27:16.690 INFO [main] org.apache.catalina.startup.VersionLoggerListener.log OS Version:            10.11.6
24-Oct-2017 10:27:16.690 INFO [main] org.apache.catalina.startup.VersionLoggerListener.log Architecture:          x86_64
24-Oct-2017 10:27:16.690 INFO [main] org.apache.catalina.startup.VersionLoggerListener.log Java Home:             /Library/Java/JavaVirtualMachines/jdk1.8.0_131.jdk/Contents/Home/jre
24-Oct-2017 10:27:16.690 INFO [main] org.apache.catalina.startup.VersionLoggerListener.log JVM Version:           1.8.0_131-b11
24-Oct-2017 10:27:16.690 INFO [main] org.apache.catalina.startup.VersionLoggerListener.log JVM Vendor:            Oracle Corporation
24-Oct-2017 10:27:16.690 INFO [main] org.apache.catalina.startup.VersionLoggerListener.log CATALINA_BASE:         /Users/bens/Documents/COMP3400-A2/tomcat
24-Oct-2017 10:27:16.690 INFO [main] org.apache.catalina.startup.VersionLoggerListener.log CATALINA_HOME:         /Users/bens/Documents/COMP3400-A2/tomcat
24-Oct-2017 10:27:16.691 INFO [main] org.apache.catalina.startup.VersionLoggerListener.log Command line argument: -Djava.util.logging.config.file=/Users/bens/Documents/COMP3400-A2/tomcat/conf/logging.properties
24-Oct-2017 10:27:16.691 INFO [main] org.apache.catalina.startup.VersionLoggerListener.log Command line argument: -Djava.util.logging.manager=org.apache.juli.ClassLoaderLogManager
24-Oct-2017 10:27:16.691 INFO [main] org.apache.catalina.startup.VersionLoggerListener.log Command line argument: -Djdk.tls.ephemeralDHKeySize=2048
24-Oct-2017 10:27:16.691 INFO [main] org.apache.catalina.startup.VersionLoggerListener.log Command line argument: -Djava.protocol.handler.pkgs=org.apache.catalina.webresources
24-Oct-2017 10:27:16.692 INFO [main] org.apache.catalina.startup.VersionLoggerListener.log Command line argument: -Dcatalina.base=/Users/bens/Documents/COMP3400-A2/tomcat
24-Oct-2017 10:27:16.692 INFO [main] org.apache.catalina.startup.VersionLoggerListener.log Command line argument: -Dcatalina.home=/Users/bens/Documents/COMP3400-A2/tomcat
24-Oct-2017 10:27:16.693 INFO [main] org.apache.catalina.startup.VersionLoggerListener.log Command line argument: -Djava.io.tmpdir=/Users/bens/Documents/COMP3400-A2/tomcat/temp
24-Oct-2017 10:27:16.693 INFO [main] org.apache.catalina.core.AprLifecycleListener.lifecycleEvent The APR based Apache Tomcat Native library which allows optimal performance in production environments was not found on the java.library.path: [/Users/bens/Library/Java/Extensions:/Library/Java/Extensions:/Network/Library/Java/Extensions:/System/Library/Java/Extensions:/usr/lib/java:.]
24-Oct-2017 10:27:17.722 INFO [main] org.apache.coyote.AbstractProtocol.init Initializing ProtocolHandler ["http-nio-8080"]
24-Oct-2017 10:27:17.940 INFO [main] org.apache.tomcat.util.net.NioSelectorPool.getSharedSelector Using a shared selector for servlet write/read
24-Oct-2017 10:27:17.955 INFO [main] org.apache.coyote.AbstractProtocol.init Initializing ProtocolHandler ["ajp-nio-8009"]
24-Oct-2017 10:27:17.956 INFO [main] org.apache.tomcat.util.net.NioSelectorPool.getSharedSelector Using a shared selector for servlet write/read
24-Oct-2017 10:27:17.956 INFO [main] org.apache.catalina.startup.Catalina.load Initialization processed in 2721 ms
24-Oct-2017 10:27:18.013 INFO [main] org.apache.catalina.core.StandardService.startInternal Starting service [Catalina]
24-Oct-2017 10:27:18.013 INFO [main] org.apache.catalina.core.StandardEngine.startInternal Starting Servlet Engine: Apache Tomcat/9.0.1
24-Oct-2017 10:27:18.049 INFO [main] org.apache.catalina.startup.HostConfig.deployDirectory Deploying web application directory [/Users/bens/Documents/COMP3400-A2/tomcat/webapps/axis]
24-Oct-2017 10:27:19.535 INFO [main] org.apache.jasper.servlet.TldScanner.scanJars At least one JAR was scanned for TLDs yet contained no TLDs. Enable debug logging for this logger for a complete list of JARs that were scanned but no TLDs were found in them. Skipping unneeded JARs during scanning can improve startup time and JSP compilation time.
- Unable to find config file.  Creating new servlet engine config file: /WEB-INF/server-config.wsdd
- Unable to find required classes (javax.activation.DataHandler and javax.mail.internet.MimeMultipart). Attachment support is disabled.
24-Oct-2017 10:27:20.010 INFO [main] org.apache.catalina.startup.HostConfig.deployDirectory Deployment of web application directory [/Users/bens/Documents/COMP3400-A2/tomcat/webapps/axis] has finished in [1,961] ms
24-Oct-2017 10:27:20.010 INFO [main] org.apache.catalina.startup.HostConfig.deployDirectory Deploying web application directory [/Users/bens/Documents/COMP3400-A2/tomcat/webapps/docs]
24-Oct-2017 10:27:20.021 INFO [main] org.apache.catalina.startup.HostConfig.deployDirectory Deployment of web application directory [/Users/bens/Documents/COMP3400-A2/tomcat/webapps/docs] has finished in [11] ms
24-Oct-2017 10:27:20.022 INFO [main] org.apache.catalina.startup.HostConfig.deployDirectory Deploying web application directory [/Users/bens/Documents/COMP3400-A2/tomcat/webapps/examples]
24-Oct-2017 10:27:20.157 INFO [main] org.apache.catalina.startup.HostConfig.deployDirectory Deployment of web application directory [/Users/bens/Documents/COMP3400-A2/tomcat/webapps/examples] has finished in [135] ms
24-Oct-2017 10:27:20.158 INFO [main] org.apache.catalina.startup.HostConfig.deployDirectory Deploying web application directory [/Users/bens/Documents/COMP3400-A2/tomcat/webapps/host-manager]
24-Oct-2017 10:27:20.199 INFO [main] org.apache.catalina.startup.HostConfig.deployDirectory Deployment of web application directory [/Users/bens/Documents/COMP3400-A2/tomcat/webapps/host-manager] has finished in [41] ms
24-Oct-2017 10:27:20.199 INFO [main] org.apache.catalina.startup.HostConfig.deployDirectory Deploying web application directory [/Users/bens/Documents/COMP3400-A2/tomcat/webapps/manager]
24-Oct-2017 10:27:20.214 INFO [main] org.apache.catalina.startup.HostConfig.deployDirectory Deployment of web application directory [/Users/bens/Documents/COMP3400-A2/tomcat/webapps/manager] has finished in [14] ms
24-Oct-2017 10:27:20.214 INFO [main] org.apache.catalina.startup.HostConfig.deployDirectory Deploying web application directory [/Users/bens/Documents/COMP3400-A2/tomcat/webapps/ROOT]
24-Oct-2017 10:27:20.223 INFO [main] org.apache.catalina.startup.HostConfig.deployDirectory Deployment of web application directory [/Users/bens/Documents/COMP3400-A2/tomcat/webapps/ROOT] has finished in [9] ms
24-Oct-2017 10:27:20.225 INFO [main] org.apache.coyote.AbstractProtocol.start Starting ProtocolHandler ["http-nio-8080"]
24-Oct-2017 10:27:20.232 INFO [main] org.apache.coyote.AbstractProtocol.start Starting ProtocolHandler ["ajp-nio-8009"]
24-Oct-2017 10:27:20.234 INFO [main] org.apache.catalina.startup.Catalina.start Server startup in 2277 ms
- Unable to find config file.  Creating new servlet engine config file: /WEB-INF/server-config.wsdd
- No compiler found in your classpath!  (you may need to add 'tools.jar')
java.lang.ClassCastException: com.sun.tools.javac.main.Main$Result cannot be cast to java.lang.Integer
	at org.apache.axis.components.compiler.Javac.compile(Javac.java:137)
	at org.apache.axis.handlers.JWSHandler.setupService(JWSHandler.java:199)
	at org.apache.axis.handlers.JWSHandler.generateWSDL(JWSHandler.java:294)
	at org.apache.axis.strategies.WSDLGenStrategy.visit(WSDLGenStrategy.java:33)
	at org.apache.axis.SimpleChain.doVisiting(SimpleChain.java:118)
	at org.apache.axis.SimpleChain.generateWSDL(SimpleChain.java:104)
	at org.apache.axis.server.AxisServer.generateWSDL(AxisServer.java:454)
	at org.apache.axis.transport.http.QSWSDLHandler.invoke(QSWSDLHandler.java:68)
	at sun.reflect.NativeMethodAccessorImpl.invoke0(Native Method)
	at sun.reflect.NativeMethodAccessorImpl.invoke(NativeMethodAccessorImpl.java:62)
	at sun.reflect.DelegatingMethodAccessorImpl.invoke(DelegatingMethodAccessorImpl.java:43)
	at java.lang.reflect.Method.invoke(Method.java:498)
	at org.apache.axis.transport.http.AxisServlet.processQuery(AxisServlet.java:1226)
	at org.apache.axis.transport.http.AxisServlet.doGet(AxisServlet.java:249)
	at javax.servlet.http.HttpServlet.service(HttpServlet.java:634)
	at org.apache.axis.transport.http.AxisServletBase.service(AxisServletBase.java:327)
	at javax.servlet.http.HttpServlet.service(HttpServlet.java:741)
	at org.apache.catalina.core.ApplicationFilterChain.internalDoFilter(ApplicationFilterChain.java:231)
	at org.apache.catalina.core.ApplicationFilterChain.doFilter(ApplicationFilterChain.java:166)
	at org.apache.tomcat.websocket.server.WsFilter.doFilter(WsFilter.java:53)
	at org.apache.catalina.core.ApplicationFilterChain.internalDoFilter(ApplicationFilterChain.java:193)
	at org.apache.catalina.core.ApplicationFilterChain.doFilter(ApplicationFilterChain.java:166)
	at org.apache.catalina.core.StandardWrapperValve.invoke(StandardWrapperValve.java:199)
	at org.apache.catalina.core.StandardContextValve.invoke(StandardContextValve.java:96)
	at org.apache.catalina.authenticator.AuthenticatorBase.invoke(AuthenticatorBase.java:475)
	at org.apache.catalina.core.StandardHostValve.invoke(StandardHostValve.java:140)
	at org.apache.catalina.valves.ErrorReportValve.invoke(ErrorReportValve.java:81)
	at org.apache.catalina.valves.AbstractAccessLogValve.invoke(AbstractAccessLogValve.java:651)
	at org.apache.catalina.core.StandardEngineValve.invoke(StandardEngineValve.java:87)
	at org.apache.catalina.connector.CoyoteAdapter.service(CoyoteAdapter.java:342)
	at org.apache.coyote.http11.Http11Processor.service(Http11Processor.java:500)
	at org.apache.coyote.AbstractProcessorLight.process(AbstractProcessorLight.java:66)
	at org.apache.coyote.AbstractProtocol$ConnectionHandler.process(AbstractProtocol.java:754)
	at org.apache.tomcat.util.net.NioEndpoint$SocketProcessor.doRun(NioEndpoint.java:1376)
	at org.apache.tomcat.util.net.SocketProcessorBase.run(SocketProcessorBase.java:49)
	at java.util.concurrent.ThreadPoolExecutor.runWorker(ThreadPoolExecutor.java:1142)
	at java.util.concurrent.ThreadPoolExecutor$Worker.run(ThreadPoolExecutor.java:617)
	at org.apache.tomcat.util.threads.TaskThread$WrappingRunnable.run(TaskThread.java:61)
	at java.lang.Thread.run(Thread.java:748)
- Exception:
java.lang.RuntimeException: No compiler found in your classpath!  (you may need to add 'tools.jar')
	at org.apache.axis.components.compiler.Javac.compile(Javac.java:156)
	at org.apache.axis.handlers.JWSHandler.setupService(JWSHandler.java:199)
	at org.apache.axis.handlers.JWSHandler.generateWSDL(JWSHandler.java:294)
	at org.apache.axis.strategies.WSDLGenStrategy.visit(WSDLGenStrategy.java:33)
	at org.apache.axis.SimpleChain.doVisiting(SimpleChain.java:118)
	at org.apache.axis.SimpleChain.generateWSDL(SimpleChain.java:104)
	at org.apache.axis.server.AxisServer.generateWSDL(AxisServer.java:454)
	at org.apache.axis.transport.http.QSWSDLHandler.invoke(QSWSDLHandler.java:68)
	at sun.reflect.NativeMethodAccessorImpl.invoke0(Native Method)
	at sun.reflect.NativeMethodAccessorImpl.invoke(NativeMethodAccessorImpl.java:62)
	at sun.reflect.DelegatingMethodAccessorImpl.invoke(DelegatingMethodAccessorImpl.java:43)
	at java.lang.reflect.Method.invoke(Method.java:498)
	at org.apache.axis.transport.http.AxisServlet.processQuery(AxisServlet.java:1226)
	at org.apache.axis.transport.http.AxisServlet.doGet(AxisServlet.java:249)
	at javax.servlet.http.HttpServlet.service(HttpServlet.java:634)
	at org.apache.axis.transport.http.AxisServletBase.service(AxisServletBase.java:327)
	at javax.servlet.http.HttpServlet.service(HttpServlet.java:741)
	at org.apache.catalina.core.ApplicationFilterChain.internalDoFilter(ApplicationFilterChain.java:231)
	at org.apache.catalina.core.ApplicationFilterChain.doFilter(ApplicationFilterChain.java:166)
	at org.apache.tomcat.websocket.server.WsFilter.doFilter(WsFilter.java:53)
	at org.apache.catalina.core.ApplicationFilterChain.internalDoFilter(ApplicationFilterChain.java:193)
	at org.apache.catalina.core.ApplicationFilterChain.doFilter(ApplicationFilterChain.java:166)
	at org.apache.catalina.core.StandardWrapperValve.invoke(StandardWrapperValve.java:199)
	at org.apache.catalina.core.StandardContextValve.invoke(StandardContextValve.java:96)
	at org.apache.catalina.authenticator.AuthenticatorBase.invoke(AuthenticatorBase.java:475)
	at org.apache.catalina.core.StandardHostValve.invoke(StandardHostValve.java:140)
	at org.apache.catalina.valves.ErrorReportValve.invoke(ErrorReportValve.java:81)
	at org.apache.catalina.valves.AbstractAccessLogValve.invoke(AbstractAccessLogValve.java:651)
	at org.apache.catalina.core.StandardEngineValve.invoke(StandardEngineValve.java:87)
	at org.apache.catalina.connector.CoyoteAdapter.service(CoyoteAdapter.java:342)
	at org.apache.coyote.http11.Http11Processor.service(Http11Processor.java:500)
	at org.apache.coyote.AbstractProcessorLight.process(AbstractProcessorLight.java:66)
	at org.apache.coyote.AbstractProtocol$ConnectionHandler.process(AbstractProtocol.java:754)
	at org.apache.tomcat.util.net.NioEndpoint$SocketProcessor.doRun(NioEndpoint.java:1376)
	at org.apache.tomcat.util.net.SocketProcessorBase.run(SocketProcessorBase.java:49)
	at java.util.concurrent.ThreadPoolExecutor.runWorker(ThreadPoolExecutor.java:1142)
	at java.util.concurrent.ThreadPoolExecutor$Worker.run(ThreadPoolExecutor.java:617)
	at org.apache.tomcat.util.threads.TaskThread$WrappingRunnable.run(TaskThread.java:61)
	at java.lang.Thread.run(Thread.java:748)
24-Oct-2017 12:43:58.798 INFO [main] org.apache.catalina.core.StandardServer.await A valid shutdown command was received via the shutdown port. Stopping the Server instance.
24-Oct-2017 12:43:58.798 INFO [main] org.apache.coyote.AbstractProtocol.pause Pausing ProtocolHandler ["http-nio-8080"]
24-Oct-2017 12:43:58.856 INFO [main] org.apache.coyote.AbstractProtocol.pause Pausing ProtocolHandler ["ajp-nio-8009"]
24-Oct-2017 12:43:58.908 INFO [main] org.apache.catalina.core.StandardService.stopInternal Stopping service [Catalina]
24-Oct-2017 12:43:58.935 INFO [main] org.apache.coyote.AbstractProtocol.stop Stopping ProtocolHandler ["http-nio-8080"]
24-Oct-2017 12:43:58.938 INFO [main] org.apache.coyote.AbstractProtocol.stop Stopping ProtocolHandler ["ajp-nio-8009"]
24-Oct-2017 12:43:58.940 INFO [main] org.apache.coyote.AbstractProtocol.destroy Destroying ProtocolHandler ["http-nio-8080"]
24-Oct-2017 12:43:58.941 INFO [main] org.apache.coyote.AbstractProtocol.destroy Destroying ProtocolHandler ["ajp-nio-8009"]
24-Oct-2017 12:44:15.121 INFO [main] org.apache.catalina.startup.VersionLoggerListener.log Server version:        Apache Tomcat/9.0.1
24-Oct-2017 12:44:15.148 INFO [main] org.apache.catalina.startup.VersionLoggerListener.log Server built:          Sep 27 2017 17:31:52 UTC
24-Oct-2017 12:44:15.148 INFO [main] org.apache.catalina.startup.VersionLoggerListener.log Server number:         9.0.1.0
24-Oct-2017 12:44:15.149 INFO [main] org.apache.catalina.startup.VersionLoggerListener.log OS Name:               Mac OS X
24-Oct-2017 12:44:15.149 INFO [main] org.apache.catalina.startup.VersionLoggerListener.log OS Version:            10.11.6
24-Oct-2017 12:44:15.149 INFO [main] org.apache.catalina.startup.VersionLoggerListener.log Architecture:          x86_64
24-Oct-2017 12:44:15.149 INFO [main] org.apache.catalina.startup.VersionLoggerListener.log Java Home:             /Library/Java/JavaVirtualMachines/jdk1.8.0_152.jdk/Contents/Home/jre
24-Oct-2017 12:44:15.149 INFO [main] org.apache.catalina.startup.VersionLoggerListener.log JVM Version:           1.8.0_152-b16
24-Oct-2017 12:44:15.149 INFO [main] org.apache.catalina.startup.VersionLoggerListener.log JVM Vendor:            Oracle Corporation
24-Oct-2017 12:44:15.149 INFO [main] org.apache.catalina.startup.VersionLoggerListener.log CATALINA_BASE:         /Users/bens/Documents/COMP3400-A2/tomcat
24-Oct-2017 12:44:15.149 INFO [main] org.apache.catalina.startup.VersionLoggerListener.log CATALINA_HOME:         /Users/bens/Documents/COMP3400-A2/tomcat
24-Oct-2017 12:44:15.150 INFO [main] org.apache.catalina.startup.VersionLoggerListener.log Command line argument: -Djava.util.logging.config.file=/Users/bens/Documents/COMP3400-A2/tomcat/conf/logging.properties
24-Oct-2017 12:44:15.150 INFO [main] org.apache.catalina.startup.VersionLoggerListener.log Command line argument: -Djava.util.logging.manager=org.apache.juli.ClassLoaderLogManager
24-Oct-2017 12:44:15.150 INFO [main] org.apache.catalina.startup.VersionLoggerListener.log Command line argument: -Djdk.tls.ephemeralDHKeySize=2048
24-Oct-2017 12:44:15.150 INFO [main] org.apache.catalina.startup.VersionLoggerListener.log Command line argument: -Djava.protocol.handler.pkgs=org.apache.catalina.webresources
24-Oct-2017 12:44:15.150 INFO [main] org.apache.catalina.startup.VersionLoggerListener.log Command line argument: -Dcatalina.base=/Users/bens/Documents/COMP3400-A2/tomcat
24-Oct-2017 12:44:15.150 INFO [main] org.apache.catalina.startup.VersionLoggerListener.log Command line argument: -Dcatalina.home=/Users/bens/Documents/COMP3400-A2/tomcat
24-Oct-2017 12:44:15.150 INFO [main] org.apache.catalina.startup.VersionLoggerListener.log Command line argument: -Djava.io.tmpdir=/Users/bens/Documents/COMP3400-A2/tomcat/temp
24-Oct-2017 12:44:15.150 INFO [main] org.apache.catalina.core.AprLifecycleListener.lifecycleEvent The APR based Apache Tomcat Native library which allows optimal performance in production environments was not found on the java.library.path: [/Users/bens/Library/Java/Extensions:/Library/Java/Extensions:/Network/Library/Java/Extensions:/System/Library/Java/Extensions:/usr/lib/java:.]
24-Oct-2017 12:44:15.348 INFO [main] org.apache.coyote.AbstractProtocol.init Initializing ProtocolHandler ["http-nio-8080"]
24-Oct-2017 12:44:15.366 INFO [main] org.apache.tomcat.util.net.NioSelectorPool.getSharedSelector Using a shared selector for servlet write/read
24-Oct-2017 12:44:15.372 INFO [main] org.apache.coyote.AbstractProtocol.init Initializing ProtocolHandler ["ajp-nio-8009"]
24-Oct-2017 12:44:15.373 INFO [main] org.apache.tomcat.util.net.NioSelectorPool.getSharedSelector Using a shared selector for servlet write/read
24-Oct-2017 12:44:15.373 INFO [main] org.apache.catalina.startup.Catalina.load Initialization processed in 627 ms
24-Oct-2017 12:44:15.396 INFO [main] org.apache.catalina.core.StandardService.startInternal Starting service [Catalina]
24-Oct-2017 12:44:15.396 INFO [main] org.apache.catalina.core.StandardEngine.startInternal Starting Servlet Engine: Apache Tomcat/9.0.1
24-Oct-2017 12:44:15.403 INFO [main] org.apache.catalina.startup.HostConfig.deployDirectory Deploying web application directory [/Users/bens/Documents/COMP3400-A2/tomcat/webapps/axis]
24-Oct-2017 12:44:16.145 INFO [main] org.apache.jasper.servlet.TldScanner.scanJars At least one JAR was scanned for TLDs yet contained no TLDs. Enable debug logging for this logger for a complete list of JARs that were scanned but no TLDs were found in them. Skipping unneeded JARs during scanning can improve startup time and JSP compilation time.
- Unable to find config file.  Creating new servlet engine config file: /WEB-INF/server-config.wsdd
- Unable to find required classes (javax.activation.DataHandler and javax.mail.internet.MimeMultipart). Attachment support is disabled.
24-Oct-2017 12:44:16.488 INFO [main] org.apache.catalina.startup.HostConfig.deployDirectory Deployment of web application directory [/Users/bens/Documents/COMP3400-A2/tomcat/webapps/axis] has finished in [1,084] ms
24-Oct-2017 12:44:16.488 INFO [main] org.apache.catalina.startup.HostConfig.deployDirectory Deploying web application directory [/Users/bens/Documents/COMP3400-A2/tomcat/webapps/docs]
24-Oct-2017 12:44:16.501 INFO [main] org.apache.catalina.startup.HostConfig.deployDirectory Deployment of web application directory [/Users/bens/Documents/COMP3400-A2/tomcat/webapps/docs] has finished in [13] ms
24-Oct-2017 12:44:16.501 INFO [main] org.apache.catalina.startup.HostConfig.deployDirectory Deploying web application directory [/Users/bens/Documents/COMP3400-A2/tomcat/webapps/examples]
24-Oct-2017 12:44:16.725 INFO [main] org.apache.catalina.startup.HostConfig.deployDirectory Deployment of web application directory [/Users/bens/Documents/COMP3400-A2/tomcat/webapps/examples] has finished in [224] ms
24-Oct-2017 12:44:16.726 INFO [main] org.apache.catalina.startup.HostConfig.deployDirectory Deploying web application directory [/Users/bens/Documents/COMP3400-A2/tomcat/webapps/host-manager]
24-Oct-2017 12:44:16.744 INFO [main] org.apache.catalina.startup.HostConfig.deployDirectory Deployment of web application directory [/Users/bens/Documents/COMP3400-A2/tomcat/webapps/host-manager] has finished in [18] ms
24-Oct-2017 12:44:16.745 INFO [main] org.apache.catalina.startup.HostConfig.deployDirectory Deploying web application directory [/Users/bens/Documents/COMP3400-A2/tomcat/webapps/manager]
24-Oct-2017 12:44:16.759 INFO [main] org.apache.catalina.startup.HostConfig.deployDirectory Deployment of web application directory [/Users/bens/Documents/COMP3400-A2/tomcat/webapps/manager] has finished in [14] ms
24-Oct-2017 12:44:16.759 INFO [main] org.apache.catalina.startup.HostConfig.deployDirectory Deploying web application directory [/Users/bens/Documents/COMP3400-A2/tomcat/webapps/ROOT]
24-Oct-2017 12:44:16.776 INFO [main] org.apache.catalina.startup.HostConfig.deployDirectory Deployment of web application directory [/Users/bens/Documents/COMP3400-A2/tomcat/webapps/ROOT] has finished in [17] ms
24-Oct-2017 12:44:16.779 INFO [main] org.apache.coyote.AbstractProtocol.start Starting ProtocolHandler ["http-nio-8080"]
24-Oct-2017 12:44:16.791 INFO [main] org.apache.coyote.AbstractProtocol.start Starting ProtocolHandler ["ajp-nio-8009"]
24-Oct-2017 12:44:16.792 INFO [main] org.apache.catalina.startup.Catalina.start Server startup in 1419 ms
24-Oct-2017 12:44:25.840 INFO [main] org.apache.catalina.core.StandardServer.await A valid shutdown command was received via the shutdown port. Stopping the Server instance.
24-Oct-2017 12:44:25.841 INFO [main] org.apache.coyote.AbstractProtocol.pause Pausing ProtocolHandler ["http-nio-8080"]
24-Oct-2017 12:44:25.899 INFO [main] org.apache.coyote.AbstractProtocol.pause Pausing ProtocolHandler ["ajp-nio-8009"]
24-Oct-2017 12:44:25.900 INFO [main] org.apache.catalina.core.StandardService.stopInternal Stopping service [Catalina]
24-Oct-2017 12:44:25.919 INFO [main] org.apache.coyote.AbstractProtocol.stop Stopping ProtocolHandler ["http-nio-8080"]
24-Oct-2017 12:44:25.921 INFO [main] org.apache.coyote.AbstractProtocol.stop Stopping ProtocolHandler ["ajp-nio-8009"]
24-Oct-2017 12:44:25.921 INFO [main] org.apache.coyote.AbstractProtocol.destroy Destroying ProtocolHandler ["http-nio-8080"]
24-Oct-2017 12:44:25.922 INFO [main] org.apache.coyote.AbstractProtocol.destroy Destroying ProtocolHandler ["ajp-nio-8009"]
