24-Oct-2017 10:27:16.629 INFO [main] org.apache.catalina.startup.VersionLoggerListener.log Server version:        Apache Tomcat/9.0.1
24-Oct-2017 10:27:16.689 INFO [main] org.apache.catalina.startup.VersionLoggerListener.log Server built:          Sep 27 2017 17:31:52 UTC
24-Oct-2017 10:27:16.689 INFO [main] org.apache.catalina.startup.VersionLoggerListener.log Server number:         9.0.1.0
24-Oct-2017 10:27:16.690 INFO [main] org.apache.catalina.startup.VersionLoggerListener.log OS Name:               Mac OS X
24-Oct-2017 10:27:16.690 INFO [main] org.apache.catalina.startup.VersionLoggerListener.log OS Version:            10.11.6
24-Oct-2017 10:27:16.690 INFO [main] org.apache.catalina.startup.VersionLoggerListener.log Architecture:          x86_64
24-Oct-2017 10:27:16.690 INFO [main] org.apache.catalina.startup.VersionLoggerListener.log Java Home:             /Library/Java/JavaVirtualMachines/jdk1.8.0_131.jdk/Contents/Home/jre
24-Oct-2017 10:27:16.690 INFO [main] org.apache.catalina.startup.VersionLoggerListener.log JVM Version:           1.8.0_131-b11
24-Oct-2017 10:27:16.690 INFO [main] org.apache.catalina.startup.VersionLoggerListener.log JVM Vendor:            Oracle Corporation
24-Oct-2017 10:27:16.690 INFO [main] org.apache.catalina.startup.VersionLoggerListener.log CATALINA_BASE:         /Users/bens/Documents/COMP3400-A2/tomcat
24-Oct-2017 10:27:16.690 INFO [main] org.apache.catalina.startup.VersionLoggerListener.log CATALINA_HOME:         /Users/bens/Documents/COMP3400-A2/tomcat
24-Oct-2017 10:27:16.691 INFO [main] org.apache.catalina.startup.VersionLoggerListener.log Command line argument: -Djava.util.logging.config.file=/Users/bens/Documents/COMP3400-A2/tomcat/conf/logging.properties
24-Oct-2017 10:27:16.691 INFO [main] org.apache.catalina.startup.VersionLoggerListener.log Command line argument: -Djava.util.logging.manager=org.apache.juli.ClassLoaderLogManager
24-Oct-2017 10:27:16.691 INFO [main] org.apache.catalina.startup.VersionLoggerListener.log Command line argument: -Djdk.tls.ephemeralDHKeySize=2048
24-Oct-2017 10:27:16.691 INFO [main] org.apache.catalina.startup.VersionLoggerListener.log Command line argument: -Djava.protocol.handler.pkgs=org.apache.catalina.webresources
24-Oct-2017 10:27:16.692 INFO [main] org.apache.catalina.startup.VersionLoggerListener.log Command line argument: -Dcatalina.base=/Users/bens/Documents/COMP3400-A2/tomcat
24-Oct-2017 10:27:16.692 INFO [main] org.apache.catalina.startup.VersionLoggerListener.log Command line argument: -Dcatalina.home=/Users/bens/Documents/COMP3400-A2/tomcat
24-Oct-2017 10:27:16.693 INFO [main] org.apache.catalina.startup.VersionLoggerListener.log Command line argument: -Djava.io.tmpdir=/Users/bens/Documents/COMP3400-A2/tomcat/temp
24-Oct-2017 10:27:16.693 INFO [main] org.apache.catalina.core.AprLifecycleListener.lifecycleEvent The APR based Apache Tomcat Native library which allows optimal performance in production environments was not found on the java.library.path: [/Users/bens/Library/Java/Extensions:/Library/Java/Extensions:/Network/Library/Java/Extensions:/System/Library/Java/Extensions:/usr/lib/java:.]
24-Oct-2017 10:27:17.722 INFO [main] org.apache.coyote.AbstractProtocol.init Initializing ProtocolHandler ["http-nio-8080"]
24-Oct-2017 10:27:17.940 INFO [main] org.apache.tomcat.util.net.NioSelectorPool.getSharedSelector Using a shared selector for servlet write/read
24-Oct-2017 10:27:17.955 INFO [main] org.apache.coyote.AbstractProtocol.init Initializing ProtocolHandler ["ajp-nio-8009"]
24-Oct-2017 10:27:17.956 INFO [main] org.apache.tomcat.util.net.NioSelectorPool.getSharedSelector Using a shared selector for servlet write/read
24-Oct-2017 10:27:17.956 INFO [main] org.apache.catalina.startup.Catalina.load Initialization processed in 2721 ms
24-Oct-2017 10:27:18.013 INFO [main] org.apache.catalina.core.StandardService.startInternal Starting service [Catalina]
24-Oct-2017 10:27:18.013 INFO [main] org.apache.catalina.core.StandardEngine.startInternal Starting Servlet Engine: Apache Tomcat/9.0.1
24-Oct-2017 10:27:18.049 INFO [main] org.apache.catalina.startup.HostConfig.deployDirectory Deploying web application directory [/Users/bens/Documents/COMP3400-A2/tomcat/webapps/axis]
24-Oct-2017 10:27:19.535 INFO [main] org.apache.jasper.servlet.TldScanner.scanJars At least one JAR was scanned for TLDs yet contained no TLDs. Enable debug logging for this logger for a complete list of JARs that were scanned but no TLDs were found in them. Skipping unneeded JARs during scanning can improve startup time and JSP compilation time.
24-Oct-2017 10:27:20.010 INFO [main] org.apache.catalina.startup.HostConfig.deployDirectory Deployment of web application directory [/Users/bens/Documents/COMP3400-A2/tomcat/webapps/axis] has finished in [1,961] ms
24-Oct-2017 10:27:20.010 INFO [main] org.apache.catalina.startup.HostConfig.deployDirectory Deploying web application directory [/Users/bens/Documents/COMP3400-A2/tomcat/webapps/docs]
24-Oct-2017 10:27:20.021 INFO [main] org.apache.catalina.startup.HostConfig.deployDirectory Deployment of web application directory [/Users/bens/Documents/COMP3400-A2/tomcat/webapps/docs] has finished in [11] ms
24-Oct-2017 10:27:20.022 INFO [main] org.apache.catalina.startup.HostConfig.deployDirectory Deploying web application directory [/Users/bens/Documents/COMP3400-A2/tomcat/webapps/examples]
24-Oct-2017 10:27:20.157 INFO [main] org.apache.catalina.startup.HostConfig.deployDirectory Deployment of web application directory [/Users/bens/Documents/COMP3400-A2/tomcat/webapps/examples] has finished in [135] ms
24-Oct-2017 10:27:20.158 INFO [main] org.apache.catalina.startup.HostConfig.deployDirectory Deploying web application directory [/Users/bens/Documents/COMP3400-A2/tomcat/webapps/host-manager]
24-Oct-2017 10:27:20.199 INFO [main] org.apache.catalina.startup.HostConfig.deployDirectory Deployment of web application directory [/Users/bens/Documents/COMP3400-A2/tomcat/webapps/host-manager] has finished in [41] ms
24-Oct-2017 10:27:20.199 INFO [main] org.apache.catalina.startup.HostConfig.deployDirectory Deploying web application directory [/Users/bens/Documents/COMP3400-A2/tomcat/webapps/manager]
24-Oct-2017 10:27:20.214 INFO [main] org.apache.catalina.startup.HostConfig.deployDirectory Deployment of web application directory [/Users/bens/Documents/COMP3400-A2/tomcat/webapps/manager] has finished in [14] ms
24-Oct-2017 10:27:20.214 INFO [main] org.apache.catalina.startup.HostConfig.deployDirectory Deploying web application directory [/Users/bens/Documents/COMP3400-A2/tomcat/webapps/ROOT]
24-Oct-2017 10:27:20.223 INFO [main] org.apache.catalina.startup.HostConfig.deployDirectory Deployment of web application directory [/Users/bens/Documents/COMP3400-A2/tomcat/webapps/ROOT] has finished in [9] ms
24-Oct-2017 10:27:20.225 INFO [main] org.apache.coyote.AbstractProtocol.start Starting ProtocolHandler ["http-nio-8080"]
24-Oct-2017 10:27:20.232 INFO [main] org.apache.coyote.AbstractProtocol.start Starting ProtocolHandler ["ajp-nio-8009"]
24-Oct-2017 10:27:20.234 INFO [main] org.apache.catalina.startup.Catalina.start Server startup in 2277 ms
