24-Oct-2017 10:27:16.629 INFO [main] org.apache.catalina.startup.VersionLoggerListener.log Server version:        Apache Tomcat/9.0.1
24-Oct-2017 10:27:16.689 INFO [main] org.apache.catalina.startup.VersionLoggerListener.log Server built:          Sep 27 2017 17:31:52 UTC
24-Oct-2017 10:27:16.689 INFO [main] org.apache.catalina.startup.VersionLoggerListener.log Server number:         9.0.1.0
24-Oct-2017 10:27:16.690 INFO [main] org.apache.catalina.startup.VersionLoggerListener.log OS Name:               Mac OS X
24-Oct-2017 10:27:16.690 INFO [main] org.apache.catalina.startup.VersionLoggerListener.log OS Version:            10.11.6
24-Oct-2017 10:27:16.690 INFO [main] org.apache.catalina.startup.VersionLoggerListener.log Architecture:          x86_64
24-Oct-2017 10:27:16.690 INFO [main] org.apache.catalina.startup.VersionLoggerListener.log Java Home:             /Library/Java/JavaVirtualMachines/jdk1.8.0_131.jdk/Contents/Home/jre
24-Oct-2017 10:27:16.690 INFO [main] org.apache.catalina.startup.VersionLoggerListener.log JVM Version:           1.8.0_131-b11
24-Oct-2017 10:27:16.690 INFO [main] org.apache.catalina.startup.VersionLoggerListener.log JVM Vendor:            Oracle Corporation
24-Oct-2017 10:27:16.690 INFO [main] org.apache.catalina.startup.VersionLoggerListener.log CATALINA_BASE:         /Users/bens/Documents/COMP3400-A2/tomcat
24-Oct-2017 10:27:16.690 INFO [main] org.apache.catalina.startup.VersionLoggerListener.log CATALINA_HOME:         /Users/bens/Documents/COMP3400-A2/tomcat
24-Oct-2017 10:27:16.691 INFO [main] org.apache.catalina.startup.VersionLoggerListener.log Command line argument: -Djava.util.logging.config.file=/Users/bens/Documents/COMP3400-A2/tomcat/conf/logging.properties
24-Oct-2017 10:27:16.691 INFO [main] org.apache.catalina.startup.VersionLoggerListener.log Command line argument: -Djava.util.logging.manager=org.apache.juli.ClassLoaderLogManager
24-Oct-2017 10:27:16.691 INFO [main] org.apache.catalina.startup.VersionLoggerListener.log Command line argument: -Djdk.tls.ephemeralDHKeySize=2048
24-Oct-2017 10:27:16.691 INFO [main] org.apache.catalina.startup.VersionLoggerListener.log Command line argument: -Djava.protocol.handler.pkgs=org.apache.catalina.webresources
24-Oct-2017 10:27:16.692 INFO [main] org.apache.catalina.startup.VersionLoggerListener.log Command line argument: -Dcatalina.base=/Users/bens/Documents/COMP3400-A2/tomcat
24-Oct-2017 10:27:16.692 INFO [main] org.apache.catalina.startup.VersionLoggerListener.log Command line argument: -Dcatalina.home=/Users/bens/Documents/COMP3400-A2/tomcat
24-Oct-2017 10:27:16.693 INFO [main] org.apache.catalina.startup.VersionLoggerListener.log Command line argument: -Djava.io.tmpdir=/Users/bens/Documents/COMP3400-A2/tomcat/temp
24-Oct-2017 10:27:16.693 INFO [main] org.apache.catalina.core.AprLifecycleListener.lifecycleEvent The APR based Apache Tomcat Native library which allows optimal performance in production environments was not found on the java.library.path: [/Users/bens/Library/Java/Extensions:/Library/Java/Extensions:/Network/Library/Java/Extensions:/System/Library/Java/Extensions:/usr/lib/java:.]
24-Oct-2017 10:27:17.722 INFO [main] org.apache.coyote.AbstractProtocol.init Initializing ProtocolHandler ["http-nio-8080"]
24-Oct-2017 10:27:17.940 INFO [main] org.apache.tomcat.util.net.NioSelectorPool.getSharedSelector Using a shared selector for servlet write/read
24-Oct-2017 10:27:17.955 INFO [main] org.apache.coyote.AbstractProtocol.init Initializing ProtocolHandler ["ajp-nio-8009"]
24-Oct-2017 10:27:17.956 INFO [main] org.apache.tomcat.util.net.NioSelectorPool.getSharedSelector Using a shared selector for servlet write/read
24-Oct-2017 10:27:17.956 INFO [main] org.apache.catalina.startup.Catalina.load Initialization processed in 2721 ms
24-Oct-2017 10:27:18.013 INFO [main] org.apache.catalina.core.StandardService.startInternal Starting service [Catalina]
24-Oct-2017 10:27:18.013 INFO [main] org.apache.catalina.core.StandardEngine.startInternal Starting Servlet Engine: Apache Tomcat/9.0.1
24-Oct-2017 10:27:18.049 INFO [main] org.apache.catalina.startup.HostConfig.deployDirectory Deploying web application directory [/Users/bens/Documents/COMP3400-A2/tomcat/webapps/axis]
24-Oct-2017 10:27:19.535 INFO [main] org.apache.jasper.servlet.TldScanner.scanJars At least one JAR was scanned for TLDs yet contained no TLDs. Enable debug logging for this logger for a complete list of JARs that were scanned but no TLDs were found in them. Skipping unneeded JARs during scanning can improve startup time and JSP compilation time.
24-Oct-2017 10:27:20.010 INFO [main] org.apache.catalina.startup.HostConfig.deployDirectory Deployment of web application directory [/Users/bens/Documents/COMP3400-A2/tomcat/webapps/axis] has finished in [1,961] ms
24-Oct-2017 10:27:20.010 INFO [main] org.apache.catalina.startup.HostConfig.deployDirectory Deploying web application directory [/Users/bens/Documents/COMP3400-A2/tomcat/webapps/docs]
24-Oct-2017 10:27:20.021 INFO [main] org.apache.catalina.startup.HostConfig.deployDirectory Deployment of web application directory [/Users/bens/Documents/COMP3400-A2/tomcat/webapps/docs] has finished in [11] ms
24-Oct-2017 10:27:20.022 INFO [main] org.apache.catalina.startup.HostConfig.deployDirectory Deploying web application directory [/Users/bens/Documents/COMP3400-A2/tomcat/webapps/examples]
24-Oct-2017 10:27:20.157 INFO [main] org.apache.catalina.startup.HostConfig.deployDirectory Deployment of web application directory [/Users/bens/Documents/COMP3400-A2/tomcat/webapps/examples] has finished in [135] ms
24-Oct-2017 10:27:20.158 INFO [main] org.apache.catalina.startup.HostConfig.deployDirectory Deploying web application directory [/Users/bens/Documents/COMP3400-A2/tomcat/webapps/host-manager]
24-Oct-2017 10:27:20.199 INFO [main] org.apache.catalina.startup.HostConfig.deployDirectory Deployment of web application directory [/Users/bens/Documents/COMP3400-A2/tomcat/webapps/host-manager] has finished in [41] ms
24-Oct-2017 10:27:20.199 INFO [main] org.apache.catalina.startup.HostConfig.deployDirectory Deploying web application directory [/Users/bens/Documents/COMP3400-A2/tomcat/webapps/manager]
24-Oct-2017 10:27:20.214 INFO [main] org.apache.catalina.startup.HostConfig.deployDirectory Deployment of web application directory [/Users/bens/Documents/COMP3400-A2/tomcat/webapps/manager] has finished in [14] ms
24-Oct-2017 10:27:20.214 INFO [main] org.apache.catalina.startup.HostConfig.deployDirectory Deploying web application directory [/Users/bens/Documents/COMP3400-A2/tomcat/webapps/ROOT]
24-Oct-2017 10:27:20.223 INFO [main] org.apache.catalina.startup.HostConfig.deployDirectory Deployment of web application directory [/Users/bens/Documents/COMP3400-A2/tomcat/webapps/ROOT] has finished in [9] ms
24-Oct-2017 10:27:20.225 INFO [main] org.apache.coyote.AbstractProtocol.start Starting ProtocolHandler ["http-nio-8080"]
24-Oct-2017 10:27:20.232 INFO [main] org.apache.coyote.AbstractProtocol.start Starting ProtocolHandler ["ajp-nio-8009"]
24-Oct-2017 10:27:20.234 INFO [main] org.apache.catalina.startup.Catalina.start Server startup in 2277 ms
24-Oct-2017 12:43:58.798 INFO [main] org.apache.catalina.core.StandardServer.await A valid shutdown command was received via the shutdown port. Stopping the Server instance.
24-Oct-2017 12:43:58.798 INFO [main] org.apache.coyote.AbstractProtocol.pause Pausing ProtocolHandler ["http-nio-8080"]
24-Oct-2017 12:43:58.856 INFO [main] org.apache.coyote.AbstractProtocol.pause Pausing ProtocolHandler ["ajp-nio-8009"]
24-Oct-2017 12:43:58.908 INFO [main] org.apache.catalina.core.StandardService.stopInternal Stopping service [Catalina]
24-Oct-2017 12:43:58.935 INFO [main] org.apache.coyote.AbstractProtocol.stop Stopping ProtocolHandler ["http-nio-8080"]
24-Oct-2017 12:43:58.938 INFO [main] org.apache.coyote.AbstractProtocol.stop Stopping ProtocolHandler ["ajp-nio-8009"]
24-Oct-2017 12:43:58.940 INFO [main] org.apache.coyote.AbstractProtocol.destroy Destroying ProtocolHandler ["http-nio-8080"]
24-Oct-2017 12:43:58.941 INFO [main] org.apache.coyote.AbstractProtocol.destroy Destroying ProtocolHandler ["ajp-nio-8009"]
24-Oct-2017 12:44:15.121 INFO [main] org.apache.catalina.startup.VersionLoggerListener.log Server version:        Apache Tomcat/9.0.1
24-Oct-2017 12:44:15.148 INFO [main] org.apache.catalina.startup.VersionLoggerListener.log Server built:          Sep 27 2017 17:31:52 UTC
24-Oct-2017 12:44:15.148 INFO [main] org.apache.catalina.startup.VersionLoggerListener.log Server number:         9.0.1.0
24-Oct-2017 12:44:15.149 INFO [main] org.apache.catalina.startup.VersionLoggerListener.log OS Name:               Mac OS X
24-Oct-2017 12:44:15.149 INFO [main] org.apache.catalina.startup.VersionLoggerListener.log OS Version:            10.11.6
24-Oct-2017 12:44:15.149 INFO [main] org.apache.catalina.startup.VersionLoggerListener.log Architecture:          x86_64
24-Oct-2017 12:44:15.149 INFO [main] org.apache.catalina.startup.VersionLoggerListener.log Java Home:             /Library/Java/JavaVirtualMachines/jdk1.8.0_152.jdk/Contents/Home/jre
24-Oct-2017 12:44:15.149 INFO [main] org.apache.catalina.startup.VersionLoggerListener.log JVM Version:           1.8.0_152-b16
24-Oct-2017 12:44:15.149 INFO [main] org.apache.catalina.startup.VersionLoggerListener.log JVM Vendor:            Oracle Corporation
24-Oct-2017 12:44:15.149 INFO [main] org.apache.catalina.startup.VersionLoggerListener.log CATALINA_BASE:         /Users/bens/Documents/COMP3400-A2/tomcat
24-Oct-2017 12:44:15.149 INFO [main] org.apache.catalina.startup.VersionLoggerListener.log CATALINA_HOME:         /Users/bens/Documents/COMP3400-A2/tomcat
24-Oct-2017 12:44:15.150 INFO [main] org.apache.catalina.startup.VersionLoggerListener.log Command line argument: -Djava.util.logging.config.file=/Users/bens/Documents/COMP3400-A2/tomcat/conf/logging.properties
24-Oct-2017 12:44:15.150 INFO [main] org.apache.catalina.startup.VersionLoggerListener.log Command line argument: -Djava.util.logging.manager=org.apache.juli.ClassLoaderLogManager
24-Oct-2017 12:44:15.150 INFO [main] org.apache.catalina.startup.VersionLoggerListener.log Command line argument: -Djdk.tls.ephemeralDHKeySize=2048
24-Oct-2017 12:44:15.150 INFO [main] org.apache.catalina.startup.VersionLoggerListener.log Command line argument: -Djava.protocol.handler.pkgs=org.apache.catalina.webresources
24-Oct-2017 12:44:15.150 INFO [main] org.apache.catalina.startup.VersionLoggerListener.log Command line argument: -Dcatalina.base=/Users/bens/Documents/COMP3400-A2/tomcat
24-Oct-2017 12:44:15.150 INFO [main] org.apache.catalina.startup.VersionLoggerListener.log Command line argument: -Dcatalina.home=/Users/bens/Documents/COMP3400-A2/tomcat
24-Oct-2017 12:44:15.150 INFO [main] org.apache.catalina.startup.VersionLoggerListener.log Command line argument: -Djava.io.tmpdir=/Users/bens/Documents/COMP3400-A2/tomcat/temp
24-Oct-2017 12:44:15.150 INFO [main] org.apache.catalina.core.AprLifecycleListener.lifecycleEvent The APR based Apache Tomcat Native library which allows optimal performance in production environments was not found on the java.library.path: [/Users/bens/Library/Java/Extensions:/Library/Java/Extensions:/Network/Library/Java/Extensions:/System/Library/Java/Extensions:/usr/lib/java:.]
24-Oct-2017 12:44:15.348 INFO [main] org.apache.coyote.AbstractProtocol.init Initializing ProtocolHandler ["http-nio-8080"]
24-Oct-2017 12:44:15.366 INFO [main] org.apache.tomcat.util.net.NioSelectorPool.getSharedSelector Using a shared selector for servlet write/read
24-Oct-2017 12:44:15.372 INFO [main] org.apache.coyote.AbstractProtocol.init Initializing ProtocolHandler ["ajp-nio-8009"]
24-Oct-2017 12:44:15.373 INFO [main] org.apache.tomcat.util.net.NioSelectorPool.getSharedSelector Using a shared selector for servlet write/read
24-Oct-2017 12:44:15.373 INFO [main] org.apache.catalina.startup.Catalina.load Initialization processed in 627 ms
24-Oct-2017 12:44:15.396 INFO [main] org.apache.catalina.core.StandardService.startInternal Starting service [Catalina]
24-Oct-2017 12:44:15.396 INFO [main] org.apache.catalina.core.StandardEngine.startInternal Starting Servlet Engine: Apache Tomcat/9.0.1
24-Oct-2017 12:44:15.403 INFO [main] org.apache.catalina.startup.HostConfig.deployDirectory Deploying web application directory [/Users/bens/Documents/COMP3400-A2/tomcat/webapps/axis]
24-Oct-2017 12:44:16.145 INFO [main] org.apache.jasper.servlet.TldScanner.scanJars At least one JAR was scanned for TLDs yet contained no TLDs. Enable debug logging for this logger for a complete list of JARs that were scanned but no TLDs were found in them. Skipping unneeded JARs during scanning can improve startup time and JSP compilation time.
24-Oct-2017 12:44:16.488 INFO [main] org.apache.catalina.startup.HostConfig.deployDirectory Deployment of web application directory [/Users/bens/Documents/COMP3400-A2/tomcat/webapps/axis] has finished in [1,084] ms
24-Oct-2017 12:44:16.488 INFO [main] org.apache.catalina.startup.HostConfig.deployDirectory Deploying web application directory [/Users/bens/Documents/COMP3400-A2/tomcat/webapps/docs]
24-Oct-2017 12:44:16.501 INFO [main] org.apache.catalina.startup.HostConfig.deployDirectory Deployment of web application directory [/Users/bens/Documents/COMP3400-A2/tomcat/webapps/docs] has finished in [13] ms
24-Oct-2017 12:44:16.501 INFO [main] org.apache.catalina.startup.HostConfig.deployDirectory Deploying web application directory [/Users/bens/Documents/COMP3400-A2/tomcat/webapps/examples]
24-Oct-2017 12:44:16.725 INFO [main] org.apache.catalina.startup.HostConfig.deployDirectory Deployment of web application directory [/Users/bens/Documents/COMP3400-A2/tomcat/webapps/examples] has finished in [224] ms
24-Oct-2017 12:44:16.726 INFO [main] org.apache.catalina.startup.HostConfig.deployDirectory Deploying web application directory [/Users/bens/Documents/COMP3400-A2/tomcat/webapps/host-manager]
24-Oct-2017 12:44:16.744 INFO [main] org.apache.catalina.startup.HostConfig.deployDirectory Deployment of web application directory [/Users/bens/Documents/COMP3400-A2/tomcat/webapps/host-manager] has finished in [18] ms
24-Oct-2017 12:44:16.745 INFO [main] org.apache.catalina.startup.HostConfig.deployDirectory Deploying web application directory [/Users/bens/Documents/COMP3400-A2/tomcat/webapps/manager]
24-Oct-2017 12:44:16.759 INFO [main] org.apache.catalina.startup.HostConfig.deployDirectory Deployment of web application directory [/Users/bens/Documents/COMP3400-A2/tomcat/webapps/manager] has finished in [14] ms
24-Oct-2017 12:44:16.759 INFO [main] org.apache.catalina.startup.HostConfig.deployDirectory Deploying web application directory [/Users/bens/Documents/COMP3400-A2/tomcat/webapps/ROOT]
24-Oct-2017 12:44:16.776 INFO [main] org.apache.catalina.startup.HostConfig.deployDirectory Deployment of web application directory [/Users/bens/Documents/COMP3400-A2/tomcat/webapps/ROOT] has finished in [17] ms
24-Oct-2017 12:44:16.779 INFO [main] org.apache.coyote.AbstractProtocol.start Starting ProtocolHandler ["http-nio-8080"]
24-Oct-2017 12:44:16.791 INFO [main] org.apache.coyote.AbstractProtocol.start Starting ProtocolHandler ["ajp-nio-8009"]
24-Oct-2017 12:44:16.792 INFO [main] org.apache.catalina.startup.Catalina.start Server startup in 1419 ms
24-Oct-2017 12:44:25.840 INFO [main] org.apache.catalina.core.StandardServer.await A valid shutdown command was received via the shutdown port. Stopping the Server instance.
24-Oct-2017 12:44:25.841 INFO [main] org.apache.coyote.AbstractProtocol.pause Pausing ProtocolHandler ["http-nio-8080"]
24-Oct-2017 12:44:25.899 INFO [main] org.apache.coyote.AbstractProtocol.pause Pausing ProtocolHandler ["ajp-nio-8009"]
24-Oct-2017 12:44:25.900 INFO [main] org.apache.catalina.core.StandardService.stopInternal Stopping service [Catalina]
24-Oct-2017 12:44:25.919 INFO [main] org.apache.coyote.AbstractProtocol.stop Stopping ProtocolHandler ["http-nio-8080"]
24-Oct-2017 12:44:25.921 INFO [main] org.apache.coyote.AbstractProtocol.stop Stopping ProtocolHandler ["ajp-nio-8009"]
24-Oct-2017 12:44:25.921 INFO [main] org.apache.coyote.AbstractProtocol.destroy Destroying ProtocolHandler ["http-nio-8080"]
24-Oct-2017 12:44:25.922 INFO [main] org.apache.coyote.AbstractProtocol.destroy Destroying ProtocolHandler ["ajp-nio-8009"]
24-Oct-2017 15:27:50.383 INFO [main] org.apache.catalina.startup.VersionLoggerListener.log Server version:        Apache Tomcat/9.0.1
24-Oct-2017 15:27:50.391 INFO [main] org.apache.catalina.startup.VersionLoggerListener.log Server built:          Sep 27 2017 17:31:52 UTC
24-Oct-2017 15:27:50.391 INFO [main] org.apache.catalina.startup.VersionLoggerListener.log Server number:         9.0.1.0
24-Oct-2017 15:27:50.391 INFO [main] org.apache.catalina.startup.VersionLoggerListener.log OS Name:               Mac OS X
24-Oct-2017 15:27:50.391 INFO [main] org.apache.catalina.startup.VersionLoggerListener.log OS Version:            10.11.6
24-Oct-2017 15:27:50.391 INFO [main] org.apache.catalina.startup.VersionLoggerListener.log Architecture:          x86_64
24-Oct-2017 15:27:50.391 INFO [main] org.apache.catalina.startup.VersionLoggerListener.log Java Home:             /Library/Java/JavaVirtualMachines/jdk1.8.0_152.jdk/Contents/Home/jre
24-Oct-2017 15:27:50.391 INFO [main] org.apache.catalina.startup.VersionLoggerListener.log JVM Version:           1.8.0_152-b16
24-Oct-2017 15:27:50.391 INFO [main] org.apache.catalina.startup.VersionLoggerListener.log JVM Vendor:            Oracle Corporation
24-Oct-2017 15:27:50.391 INFO [main] org.apache.catalina.startup.VersionLoggerListener.log CATALINA_BASE:         /Users/bens/Documents/COMP3400-A2/tomcat
24-Oct-2017 15:27:50.391 INFO [main] org.apache.catalina.startup.VersionLoggerListener.log CATALINA_HOME:         /Users/bens/Documents/COMP3400-A2/tomcat
24-Oct-2017 15:27:50.392 INFO [main] org.apache.catalina.startup.VersionLoggerListener.log Command line argument: -Djava.util.logging.config.file=/Users/bens/Documents/COMP3400-A2/tomcat/conf/logging.properties
24-Oct-2017 15:27:50.392 INFO [main] org.apache.catalina.startup.VersionLoggerListener.log Command line argument: -Djava.util.logging.manager=org.apache.juli.ClassLoaderLogManager
24-Oct-2017 15:27:50.392 INFO [main] org.apache.catalina.startup.VersionLoggerListener.log Command line argument: -Djdk.tls.ephemeralDHKeySize=2048
24-Oct-2017 15:27:50.392 INFO [main] org.apache.catalina.startup.VersionLoggerListener.log Command line argument: -Djava.protocol.handler.pkgs=org.apache.catalina.webresources
24-Oct-2017 15:27:50.392 INFO [main] org.apache.catalina.startup.VersionLoggerListener.log Command line argument: -Dcatalina.base=/Users/bens/Documents/COMP3400-A2/tomcat
24-Oct-2017 15:27:50.392 INFO [main] org.apache.catalina.startup.VersionLoggerListener.log Command line argument: -Dcatalina.home=/Users/bens/Documents/COMP3400-A2/tomcat
24-Oct-2017 15:27:50.392 INFO [main] org.apache.catalina.startup.VersionLoggerListener.log Command line argument: -Djava.io.tmpdir=/Users/bens/Documents/COMP3400-A2/tomcat/temp
24-Oct-2017 15:27:50.393 INFO [main] org.apache.catalina.core.AprLifecycleListener.lifecycleEvent The APR based Apache Tomcat Native library which allows optimal performance in production environments was not found on the java.library.path: [/Users/bens/Library/Java/Extensions:/Library/Java/Extensions:/Network/Library/Java/Extensions:/System/Library/Java/Extensions:/usr/lib/java:.]
24-Oct-2017 15:27:50.551 INFO [main] org.apache.coyote.AbstractProtocol.init Initializing ProtocolHandler ["http-nio-8080"]
24-Oct-2017 15:27:50.571 INFO [main] org.apache.tomcat.util.net.NioSelectorPool.getSharedSelector Using a shared selector for servlet write/read
24-Oct-2017 15:27:50.578 INFO [main] org.apache.coyote.AbstractProtocol.init Initializing ProtocolHandler ["ajp-nio-8009"]
24-Oct-2017 15:27:50.578 INFO [main] org.apache.tomcat.util.net.NioSelectorPool.getSharedSelector Using a shared selector for servlet write/read
24-Oct-2017 15:27:50.579 INFO [main] org.apache.catalina.startup.Catalina.load Initialization processed in 678 ms
24-Oct-2017 15:27:50.603 INFO [main] org.apache.catalina.core.StandardService.startInternal Starting service [Catalina]
24-Oct-2017 15:27:50.603 INFO [main] org.apache.catalina.core.StandardEngine.startInternal Starting Servlet Engine: Apache Tomcat/9.0.1
24-Oct-2017 15:27:50.610 INFO [main] org.apache.catalina.startup.HostConfig.deployDirectory Deploying web application directory [/Users/bens/Documents/COMP3400-A2/tomcat/webapps/axis]
24-Oct-2017 15:27:51.316 INFO [main] org.apache.jasper.servlet.TldScanner.scanJars At least one JAR was scanned for TLDs yet contained no TLDs. Enable debug logging for this logger for a complete list of JARs that were scanned but no TLDs were found in them. Skipping unneeded JARs during scanning can improve startup time and JSP compilation time.
24-Oct-2017 15:27:51.620 INFO [main] org.apache.catalina.startup.HostConfig.deployDirectory Deployment of web application directory [/Users/bens/Documents/COMP3400-A2/tomcat/webapps/axis] has finished in [1,010] ms
24-Oct-2017 15:27:51.620 INFO [main] org.apache.catalina.startup.HostConfig.deployDirectory Deploying web application directory [/Users/bens/Documents/COMP3400-A2/tomcat/webapps/docs]
24-Oct-2017 15:27:51.630 INFO [main] org.apache.catalina.startup.HostConfig.deployDirectory Deployment of web application directory [/Users/bens/Documents/COMP3400-A2/tomcat/webapps/docs] has finished in [10] ms
24-Oct-2017 15:27:51.630 INFO [main] org.apache.catalina.startup.HostConfig.deployDirectory Deploying web application directory [/Users/bens/Documents/COMP3400-A2/tomcat/webapps/examples]
24-Oct-2017 15:27:51.797 INFO [main] org.apache.catalina.startup.HostConfig.deployDirectory Deployment of web application directory [/Users/bens/Documents/COMP3400-A2/tomcat/webapps/examples] has finished in [167] ms
24-Oct-2017 15:27:51.798 INFO [main] org.apache.catalina.startup.HostConfig.deployDirectory Deploying web application directory [/Users/bens/Documents/COMP3400-A2/tomcat/webapps/host-manager]
24-Oct-2017 15:27:51.816 INFO [main] org.apache.catalina.startup.HostConfig.deployDirectory Deployment of web application directory [/Users/bens/Documents/COMP3400-A2/tomcat/webapps/host-manager] has finished in [18] ms
24-Oct-2017 15:27:51.816 INFO [main] org.apache.catalina.startup.HostConfig.deployDirectory Deploying web application directory [/Users/bens/Documents/COMP3400-A2/tomcat/webapps/manager]
24-Oct-2017 15:27:51.830 INFO [main] org.apache.catalina.startup.HostConfig.deployDirectory Deployment of web application directory [/Users/bens/Documents/COMP3400-A2/tomcat/webapps/manager] has finished in [14] ms
24-Oct-2017 15:27:51.830 INFO [main] org.apache.catalina.startup.HostConfig.deployDirectory Deploying web application directory [/Users/bens/Documents/COMP3400-A2/tomcat/webapps/ROOT]
24-Oct-2017 15:27:51.840 INFO [main] org.apache.catalina.startup.HostConfig.deployDirectory Deployment of web application directory [/Users/bens/Documents/COMP3400-A2/tomcat/webapps/ROOT] has finished in [10] ms
24-Oct-2017 15:27:51.842 INFO [main] org.apache.coyote.AbstractProtocol.start Starting ProtocolHandler ["http-nio-8080"]
24-Oct-2017 15:27:51.849 INFO [main] org.apache.coyote.AbstractProtocol.start Starting ProtocolHandler ["ajp-nio-8009"]
24-Oct-2017 15:27:51.851 INFO [main] org.apache.catalina.startup.Catalina.start Server startup in 1272 ms
24-Oct-2017 15:33:11.942 INFO [ContainerBackgroundProcessor[StandardEngine[Catalina]]] org.apache.catalina.startup.HostConfig.reload Reloading context [/axis]
24-Oct-2017 15:33:11.942 INFO [ContainerBackgroundProcessor[StandardEngine[Catalina]]] org.apache.catalina.core.StandardContext.reload Reloading Context with name [/axis] has started
24-Oct-2017 15:33:11.949 WARNING [ContainerBackgroundProcessor[StandardEngine[Catalina]]] org.apache.catalina.loader.WebappClassLoaderBase.checkThreadLocalsForLeaks Failed to check for ThreadLocal references for web application [axis]
 java.lang.IllegalStateException: java.io.FileNotFoundException: /Users/bens/Documents/COMP3400-A2/tomcat/webapps/axis/WEB-INF/lib/axis-ant.jar (No such file or directory)
	at org.apache.catalina.webresources.AbstractSingleArchiveResourceSet.getArchiveEntry(AbstractSingleArchiveResourceSet.java:98)
	at org.apache.catalina.webresources.AbstractArchiveResourceSet.getResource(AbstractArchiveResourceSet.java:254)
	at org.apache.catalina.webresources.StandardRoot.getResourceInternal(StandardRoot.java:281)
	at org.apache.catalina.webresources.Cache.getResource(Cache.java:62)
	at org.apache.catalina.webresources.StandardRoot.getResource(StandardRoot.java:216)
	at org.apache.catalina.webresources.StandardRoot.getClassLoaderResource(StandardRoot.java:225)
	at org.apache.catalina.loader.WebappClassLoaderBase.findClassInternal(WebappClassLoaderBase.java:2153)
	at org.apache.catalina.loader.WebappClassLoaderBase.findClass(WebappClassLoaderBase.java:799)
	at org.apache.catalina.loader.WebappClassLoaderBase.loadClass(WebappClassLoaderBase.java:1244)
	at org.apache.catalina.loader.WebappClassLoaderBase.loadClass(WebappClassLoaderBase.java:1104)
	at java.lang.Class.getDeclaringClass0(Native Method)
	at java.lang.Class.getDeclaringClass(Class.java:1235)
	at java.lang.Class.getEnclosingClass(Class.java:1277)
	at java.lang.Class.getCanonicalName(Class.java:1392)
	at org.apache.catalina.loader.WebappClassLoaderBase.getPrettyClassName(WebappClassLoaderBase.java:1955)
	at org.apache.catalina.loader.WebappClassLoaderBase.checkThreadLocalMapForLeaks(WebappClassLoaderBase.java:1907)
	at org.apache.catalina.loader.WebappClassLoaderBase.checkThreadLocalsForLeaks(WebappClassLoaderBase.java:1847)
	at org.apache.catalina.loader.WebappClassLoaderBase.clearReferences(WebappClassLoaderBase.java:1517)
	at org.apache.catalina.loader.WebappClassLoaderBase.stop(WebappClassLoaderBase.java:1463)
	at org.apache.catalina.loader.WebappLoader.stopInternal(WebappLoader.java:443)
	at org.apache.catalina.util.LifecycleBase.stop(LifecycleBase.java:257)
	at org.apache.catalina.core.StandardContext.stopInternal(StandardContext.java:5363)
	at org.apache.catalina.util.LifecycleBase.stop(LifecycleBase.java:257)
	at org.apache.catalina.core.StandardContext.reload(StandardContext.java:3693)
	at org.apache.catalina.startup.HostConfig.reload(HostConfig.java:1404)
	at org.apache.catalina.startup.HostConfig.checkResources(HostConfig.java:1377)
	at org.apache.catalina.startup.HostConfig.check(HostConfig.java:1613)
	at org.apache.catalina.startup.HostConfig.lifecycleEvent(HostConfig.java:304)
	at org.apache.catalina.util.LifecycleBase.fireLifecycleEvent(LifecycleBase.java:123)
	at org.apache.catalina.core.ContainerBase.backgroundProcess(ContainerBase.java:1172)
	at org.apache.catalina.core.ContainerBase$ContainerBackgroundProcessor.processChildren(ContainerBase.java:1394)
	at org.apache.catalina.core.ContainerBase$ContainerBackgroundProcessor.processChildren(ContainerBase.java:1398)
	at org.apache.catalina.core.ContainerBase$ContainerBackgroundProcessor.run(ContainerBase.java:1366)
	at java.lang.Thread.run(Thread.java:748)
Caused by: java.io.FileNotFoundException: /Users/bens/Documents/COMP3400-A2/tomcat/webapps/axis/WEB-INF/lib/axis-ant.jar (No such file or directory)
	at java.util.zip.ZipFile.open(Native Method)
	at java.util.zip.ZipFile.<init>(ZipFile.java:225)
	at java.util.zip.ZipFile.<init>(ZipFile.java:155)
	at java.util.jar.JarFile.<init>(JarFile.java:166)
	at java.util.jar.JarFile.<init>(JarFile.java:103)
	at org.apache.catalina.webresources.AbstractArchiveResourceSet.openJarFile(AbstractArchiveResourceSet.java:302)
	at org.apache.catalina.webresources.AbstractSingleArchiveResourceSet.getArchiveEntry(AbstractSingleArchiveResourceSet.java:94)
	... 33 more

24-Oct-2017 15:33:11.962 INFO [ContainerBackgroundProcessor[StandardEngine[Catalina]]] org.apache.catalina.core.StandardContext.reload Reloading Context with name [/axis] is completed
24-Oct-2017 15:33:21.967 INFO [ContainerBackgroundProcessor[StandardEngine[Catalina]]] org.apache.catalina.startup.HostConfig.reload Reloading context [/axis]
24-Oct-2017 15:33:21.967 INFO [ContainerBackgroundProcessor[StandardEngine[Catalina]]] org.apache.catalina.core.StandardContext.reload Reloading Context with name [/axis] has started
24-Oct-2017 15:33:22.352 INFO [ContainerBackgroundProcessor[StandardEngine[Catalina]]] org.apache.catalina.core.StandardContext.reload Reloading Context with name [/axis] is completed
24-Oct-2017 15:35:07.083 INFO [main] org.apache.catalina.core.StandardServer.await A valid shutdown command was received via the shutdown port. Stopping the Server instance.
24-Oct-2017 15:35:07.083 INFO [main] org.apache.coyote.AbstractProtocol.pause Pausing ProtocolHandler ["http-nio-8080"]
24-Oct-2017 15:35:07.141 INFO [main] org.apache.coyote.AbstractProtocol.pause Pausing ProtocolHandler ["ajp-nio-8009"]
24-Oct-2017 15:35:07.196 INFO [main] org.apache.catalina.core.StandardService.stopInternal Stopping service [Catalina]
24-Oct-2017 15:35:07.212 INFO [main] org.apache.coyote.AbstractProtocol.stop Stopping ProtocolHandler ["http-nio-8080"]
24-Oct-2017 15:35:07.214 INFO [main] org.apache.coyote.AbstractProtocol.stop Stopping ProtocolHandler ["ajp-nio-8009"]
24-Oct-2017 15:35:07.215 INFO [main] org.apache.coyote.AbstractProtocol.destroy Destroying ProtocolHandler ["http-nio-8080"]
24-Oct-2017 15:35:07.216 INFO [main] org.apache.coyote.AbstractProtocol.destroy Destroying ProtocolHandler ["ajp-nio-8009"]
24-Oct-2017 15:35:10.429 INFO [main] org.apache.catalina.startup.VersionLoggerListener.log Server version:        Apache Tomcat/9.0.1
24-Oct-2017 15:35:10.431 INFO [main] org.apache.catalina.startup.VersionLoggerListener.log Server built:          Sep 27 2017 17:31:52 UTC
24-Oct-2017 15:35:10.431 INFO [main] org.apache.catalina.startup.VersionLoggerListener.log Server number:         9.0.1.0
24-Oct-2017 15:35:10.431 INFO [main] org.apache.catalina.startup.VersionLoggerListener.log OS Name:               Mac OS X
24-Oct-2017 15:35:10.432 INFO [main] org.apache.catalina.startup.VersionLoggerListener.log OS Version:            10.11.6
24-Oct-2017 15:35:10.432 INFO [main] org.apache.catalina.startup.VersionLoggerListener.log Architecture:          x86_64
24-Oct-2017 15:35:10.432 INFO [main] org.apache.catalina.startup.VersionLoggerListener.log Java Home:             /Library/Java/JavaVirtualMachines/jdk1.8.0_152.jdk/Contents/Home/jre
24-Oct-2017 15:35:10.432 INFO [main] org.apache.catalina.startup.VersionLoggerListener.log JVM Version:           1.8.0_152-b16
24-Oct-2017 15:35:10.432 INFO [main] org.apache.catalina.startup.VersionLoggerListener.log JVM Vendor:            Oracle Corporation
24-Oct-2017 15:35:10.432 INFO [main] org.apache.catalina.startup.VersionLoggerListener.log CATALINA_BASE:         /Users/bens/Documents/COMP3400-A2/tomcat
24-Oct-2017 15:35:10.432 INFO [main] org.apache.catalina.startup.VersionLoggerListener.log CATALINA_HOME:         /Users/bens/Documents/COMP3400-A2/tomcat
24-Oct-2017 15:35:10.433 INFO [main] org.apache.catalina.startup.VersionLoggerListener.log Command line argument: -Djava.util.logging.config.file=/Users/bens/Documents/COMP3400-A2/tomcat/conf/logging.properties
24-Oct-2017 15:35:10.433 INFO [main] org.apache.catalina.startup.VersionLoggerListener.log Command line argument: -Djava.util.logging.manager=org.apache.juli.ClassLoaderLogManager
24-Oct-2017 15:35:10.433 INFO [main] org.apache.catalina.startup.VersionLoggerListener.log Command line argument: -Djdk.tls.ephemeralDHKeySize=2048
24-Oct-2017 15:35:10.433 INFO [main] org.apache.catalina.startup.VersionLoggerListener.log Command line argument: -Djava.protocol.handler.pkgs=org.apache.catalina.webresources
24-Oct-2017 15:35:10.433 INFO [main] org.apache.catalina.startup.VersionLoggerListener.log Command line argument: -Dcatalina.base=/Users/bens/Documents/COMP3400-A2/tomcat
24-Oct-2017 15:35:10.433 INFO [main] org.apache.catalina.startup.VersionLoggerListener.log Command line argument: -Dcatalina.home=/Users/bens/Documents/COMP3400-A2/tomcat
24-Oct-2017 15:35:10.433 INFO [main] org.apache.catalina.startup.VersionLoggerListener.log Command line argument: -Djava.io.tmpdir=/Users/bens/Documents/COMP3400-A2/tomcat/temp
24-Oct-2017 15:35:10.434 INFO [main] org.apache.catalina.core.AprLifecycleListener.lifecycleEvent The APR based Apache Tomcat Native library which allows optimal performance in production environments was not found on the java.library.path: [/Users/bens/Library/Java/Extensions:/Library/Java/Extensions:/Network/Library/Java/Extensions:/System/Library/Java/Extensions:/usr/lib/java:.]
24-Oct-2017 15:35:10.525 INFO [main] org.apache.coyote.AbstractProtocol.init Initializing ProtocolHandler ["http-nio-8080"]
24-Oct-2017 15:35:10.538 INFO [main] org.apache.tomcat.util.net.NioSelectorPool.getSharedSelector Using a shared selector for servlet write/read
24-Oct-2017 15:35:10.543 INFO [main] org.apache.coyote.AbstractProtocol.init Initializing ProtocolHandler ["ajp-nio-8009"]
24-Oct-2017 15:35:10.544 INFO [main] org.apache.tomcat.util.net.NioSelectorPool.getSharedSelector Using a shared selector for servlet write/read
24-Oct-2017 15:35:10.545 INFO [main] org.apache.catalina.startup.Catalina.load Initialization processed in 392 ms
24-Oct-2017 15:35:10.566 INFO [main] org.apache.catalina.core.StandardService.startInternal Starting service [Catalina]
24-Oct-2017 15:35:10.566 INFO [main] org.apache.catalina.core.StandardEngine.startInternal Starting Servlet Engine: Apache Tomcat/9.0.1
24-Oct-2017 15:35:10.571 INFO [main] org.apache.catalina.startup.HostConfig.deployDirectory Deploying web application directory [/Users/bens/Documents/COMP3400-A2/tomcat/webapps/axis]
24-Oct-2017 15:35:10.970 INFO [main] org.apache.jasper.servlet.TldScanner.scanJars At least one JAR was scanned for TLDs yet contained no TLDs. Enable debug logging for this logger for a complete list of JARs that were scanned but no TLDs were found in them. Skipping unneeded JARs during scanning can improve startup time and JSP compilation time.
24-Oct-2017 15:35:11.209 INFO [main] org.apache.catalina.startup.HostConfig.deployDirectory Deployment of web application directory [/Users/bens/Documents/COMP3400-A2/tomcat/webapps/axis] has finished in [637] ms
24-Oct-2017 15:35:11.209 INFO [main] org.apache.catalina.startup.HostConfig.deployDirectory Deploying web application directory [/Users/bens/Documents/COMP3400-A2/tomcat/webapps/docs]
24-Oct-2017 15:35:11.221 INFO [main] org.apache.catalina.startup.HostConfig.deployDirectory Deployment of web application directory [/Users/bens/Documents/COMP3400-A2/tomcat/webapps/docs] has finished in [12] ms
24-Oct-2017 15:35:11.221 INFO [main] org.apache.catalina.startup.HostConfig.deployDirectory Deploying web application directory [/Users/bens/Documents/COMP3400-A2/tomcat/webapps/examples]
24-Oct-2017 15:35:11.365 INFO [main] org.apache.catalina.startup.HostConfig.deployDirectory Deployment of web application directory [/Users/bens/Documents/COMP3400-A2/tomcat/webapps/examples] has finished in [144] ms
24-Oct-2017 15:35:11.368 INFO [main] org.apache.catalina.startup.HostConfig.deployDirectory Deploying web application directory [/Users/bens/Documents/COMP3400-A2/tomcat/webapps/host-manager]
24-Oct-2017 15:35:11.385 INFO [main] org.apache.catalina.startup.HostConfig.deployDirectory Deployment of web application directory [/Users/bens/Documents/COMP3400-A2/tomcat/webapps/host-manager] has finished in [16] ms
24-Oct-2017 15:35:11.385 INFO [main] org.apache.catalina.startup.HostConfig.deployDirectory Deploying web application directory [/Users/bens/Documents/COMP3400-A2/tomcat/webapps/manager]
24-Oct-2017 15:35:11.398 INFO [main] org.apache.catalina.startup.HostConfig.deployDirectory Deployment of web application directory [/Users/bens/Documents/COMP3400-A2/tomcat/webapps/manager] has finished in [13] ms
24-Oct-2017 15:35:11.399 INFO [main] org.apache.catalina.startup.HostConfig.deployDirectory Deploying web application directory [/Users/bens/Documents/COMP3400-A2/tomcat/webapps/ROOT]
24-Oct-2017 15:35:11.408 INFO [main] org.apache.catalina.startup.HostConfig.deployDirectory Deployment of web application directory [/Users/bens/Documents/COMP3400-A2/tomcat/webapps/ROOT] has finished in [10] ms
24-Oct-2017 15:35:11.410 INFO [main] org.apache.coyote.AbstractProtocol.start Starting ProtocolHandler ["http-nio-8080"]
24-Oct-2017 15:35:11.417 INFO [main] org.apache.coyote.AbstractProtocol.start Starting ProtocolHandler ["ajp-nio-8009"]
24-Oct-2017 15:35:11.418 INFO [main] org.apache.catalina.startup.Catalina.start Server startup in 873 ms
24-Oct-2017 16:03:54.381 INFO [main] org.apache.catalina.core.StandardServer.await A valid shutdown command was received via the shutdown port. Stopping the Server instance.
24-Oct-2017 16:03:54.381 INFO [main] org.apache.coyote.AbstractProtocol.pause Pausing ProtocolHandler ["http-nio-8080"]
24-Oct-2017 16:03:54.439 INFO [main] org.apache.coyote.AbstractProtocol.pause Pausing ProtocolHandler ["ajp-nio-8009"]
24-Oct-2017 16:03:54.490 INFO [main] org.apache.catalina.core.StandardService.stopInternal Stopping service [Catalina]
24-Oct-2017 16:03:54.514 INFO [main] org.apache.coyote.AbstractProtocol.stop Stopping ProtocolHandler ["http-nio-8080"]
24-Oct-2017 16:03:54.516 INFO [main] org.apache.coyote.AbstractProtocol.stop Stopping ProtocolHandler ["ajp-nio-8009"]
24-Oct-2017 16:03:54.517 INFO [main] org.apache.coyote.AbstractProtocol.destroy Destroying ProtocolHandler ["http-nio-8080"]
24-Oct-2017 16:03:54.517 INFO [main] org.apache.coyote.AbstractProtocol.destroy Destroying ProtocolHandler ["ajp-nio-8009"]
24-Oct-2017 16:03:57.507 INFO [main] org.apache.catalina.startup.VersionLoggerListener.log Server version:        Apache Tomcat/9.0.1
24-Oct-2017 16:03:57.508 INFO [main] org.apache.catalina.startup.VersionLoggerListener.log Server built:          Sep 27 2017 17:31:52 UTC
24-Oct-2017 16:03:57.508 INFO [main] org.apache.catalina.startup.VersionLoggerListener.log Server number:         9.0.1.0
24-Oct-2017 16:03:57.509 INFO [main] org.apache.catalina.startup.VersionLoggerListener.log OS Name:               Mac OS X
24-Oct-2017 16:03:57.509 INFO [main] org.apache.catalina.startup.VersionLoggerListener.log OS Version:            10.11.6
24-Oct-2017 16:03:57.509 INFO [main] org.apache.catalina.startup.VersionLoggerListener.log Architecture:          x86_64
24-Oct-2017 16:03:57.509 INFO [main] org.apache.catalina.startup.VersionLoggerListener.log Java Home:             /Library/Java/JavaVirtualMachines/jdk1.8.0_152.jdk/Contents/Home/jre
24-Oct-2017 16:03:57.509 INFO [main] org.apache.catalina.startup.VersionLoggerListener.log JVM Version:           1.8.0_152-b16
24-Oct-2017 16:03:57.509 INFO [main] org.apache.catalina.startup.VersionLoggerListener.log JVM Vendor:            Oracle Corporation
24-Oct-2017 16:03:57.509 INFO [main] org.apache.catalina.startup.VersionLoggerListener.log CATALINA_BASE:         /Users/bens/Documents/COMP3400-A2/tomcat
24-Oct-2017 16:03:57.509 INFO [main] org.apache.catalina.startup.VersionLoggerListener.log CATALINA_HOME:         /Users/bens/Documents/COMP3400-A2/tomcat
24-Oct-2017 16:03:57.510 INFO [main] org.apache.catalina.startup.VersionLoggerListener.log Command line argument: -Djava.util.logging.config.file=/Users/bens/Documents/COMP3400-A2/tomcat/conf/logging.properties
24-Oct-2017 16:03:57.510 INFO [main] org.apache.catalina.startup.VersionLoggerListener.log Command line argument: -Djava.util.logging.manager=org.apache.juli.ClassLoaderLogManager
24-Oct-2017 16:03:57.510 INFO [main] org.apache.catalina.startup.VersionLoggerListener.log Command line argument: -Djdk.tls.ephemeralDHKeySize=2048
24-Oct-2017 16:03:57.510 INFO [main] org.apache.catalina.startup.VersionLoggerListener.log Command line argument: -Djava.protocol.handler.pkgs=org.apache.catalina.webresources
24-Oct-2017 16:03:57.510 INFO [main] org.apache.catalina.startup.VersionLoggerListener.log Command line argument: -Dcatalina.base=/Users/bens/Documents/COMP3400-A2/tomcat
24-Oct-2017 16:03:57.510 INFO [main] org.apache.catalina.startup.VersionLoggerListener.log Command line argument: -Dcatalina.home=/Users/bens/Documents/COMP3400-A2/tomcat
24-Oct-2017 16:03:57.510 INFO [main] org.apache.catalina.startup.VersionLoggerListener.log Command line argument: -Djava.io.tmpdir=/Users/bens/Documents/COMP3400-A2/tomcat/temp
24-Oct-2017 16:03:57.510 INFO [main] org.apache.catalina.core.AprLifecycleListener.lifecycleEvent The APR based Apache Tomcat Native library which allows optimal performance in production environments was not found on the java.library.path: [/Users/bens/Library/Java/Extensions:/Library/Java/Extensions:/Network/Library/Java/Extensions:/System/Library/Java/Extensions:/usr/lib/java:.]
24-Oct-2017 16:03:57.609 INFO [main] org.apache.coyote.AbstractProtocol.init Initializing ProtocolHandler ["http-nio-8080"]
24-Oct-2017 16:03:57.621 INFO [main] org.apache.tomcat.util.net.NioSelectorPool.getSharedSelector Using a shared selector for servlet write/read
24-Oct-2017 16:03:57.628 INFO [main] org.apache.coyote.AbstractProtocol.init Initializing ProtocolHandler ["ajp-nio-8009"]
24-Oct-2017 16:03:57.629 INFO [main] org.apache.tomcat.util.net.NioSelectorPool.getSharedSelector Using a shared selector for servlet write/read
24-Oct-2017 16:03:57.630 INFO [main] org.apache.catalina.startup.Catalina.load Initialization processed in 422 ms
24-Oct-2017 16:03:57.648 INFO [main] org.apache.catalina.core.StandardService.startInternal Starting service [Catalina]
24-Oct-2017 16:03:57.648 INFO [main] org.apache.catalina.core.StandardEngine.startInternal Starting Servlet Engine: Apache Tomcat/9.0.1
24-Oct-2017 16:03:57.653 INFO [main] org.apache.catalina.startup.HostConfig.deployDirectory Deploying web application directory [/Users/bens/Documents/COMP3400-A2/tomcat/webapps/axis]
24-Oct-2017 16:03:58.078 INFO [main] org.apache.jasper.servlet.TldScanner.scanJars At least one JAR was scanned for TLDs yet contained no TLDs. Enable debug logging for this logger for a complete list of JARs that were scanned but no TLDs were found in them. Skipping unneeded JARs during scanning can improve startup time and JSP compilation time.
24-Oct-2017 16:03:58.290 INFO [main] org.apache.catalina.startup.HostConfig.deployDirectory Deployment of web application directory [/Users/bens/Documents/COMP3400-A2/tomcat/webapps/axis] has finished in [637] ms
24-Oct-2017 16:03:58.290 INFO [main] org.apache.catalina.startup.HostConfig.deployDirectory Deploying web application directory [/Users/bens/Documents/COMP3400-A2/tomcat/webapps/docs]
24-Oct-2017 16:03:58.301 INFO [main] org.apache.catalina.startup.HostConfig.deployDirectory Deployment of web application directory [/Users/bens/Documents/COMP3400-A2/tomcat/webapps/docs] has finished in [11] ms
24-Oct-2017 16:03:58.301 INFO [main] org.apache.catalina.startup.HostConfig.deployDirectory Deploying web application directory [/Users/bens/Documents/COMP3400-A2/tomcat/webapps/examples]
24-Oct-2017 16:03:58.486 INFO [main] org.apache.catalina.startup.HostConfig.deployDirectory Deployment of web application directory [/Users/bens/Documents/COMP3400-A2/tomcat/webapps/examples] has finished in [184] ms
24-Oct-2017 16:03:58.486 INFO [main] org.apache.catalina.startup.HostConfig.deployDirectory Deploying web application directory [/Users/bens/Documents/COMP3400-A2/tomcat/webapps/host-manager]
24-Oct-2017 16:03:58.504 INFO [main] org.apache.catalina.startup.HostConfig.deployDirectory Deployment of web application directory [/Users/bens/Documents/COMP3400-A2/tomcat/webapps/host-manager] has finished in [18] ms
24-Oct-2017 16:03:58.504 INFO [main] org.apache.catalina.startup.HostConfig.deployDirectory Deploying web application directory [/Users/bens/Documents/COMP3400-A2/tomcat/webapps/manager]
24-Oct-2017 16:03:58.545 INFO [main] org.apache.catalina.startup.HostConfig.deployDirectory Deployment of web application directory [/Users/bens/Documents/COMP3400-A2/tomcat/webapps/manager] has finished in [41] ms
24-Oct-2017 16:03:58.546 INFO [main] org.apache.catalina.startup.HostConfig.deployDirectory Deploying web application directory [/Users/bens/Documents/COMP3400-A2/tomcat/webapps/ROOT]
24-Oct-2017 16:03:58.564 INFO [main] org.apache.catalina.startup.HostConfig.deployDirectory Deployment of web application directory [/Users/bens/Documents/COMP3400-A2/tomcat/webapps/ROOT] has finished in [18] ms
24-Oct-2017 16:03:58.566 INFO [main] org.apache.coyote.AbstractProtocol.start Starting ProtocolHandler ["http-nio-8080"]
24-Oct-2017 16:03:58.576 INFO [main] org.apache.coyote.AbstractProtocol.start Starting ProtocolHandler ["ajp-nio-8009"]
24-Oct-2017 16:03:58.578 INFO [main] org.apache.catalina.startup.Catalina.start Server startup in 948 ms
24-Oct-2017 16:06:14.259 INFO [main] org.apache.catalina.core.StandardServer.await A valid shutdown command was received via the shutdown port. Stopping the Server instance.
24-Oct-2017 16:06:14.259 INFO [main] org.apache.coyote.AbstractProtocol.pause Pausing ProtocolHandler ["http-nio-8080"]
24-Oct-2017 16:06:14.316 INFO [main] org.apache.coyote.AbstractProtocol.pause Pausing ProtocolHandler ["ajp-nio-8009"]
24-Oct-2017 16:06:14.367 INFO [main] org.apache.catalina.core.StandardService.stopInternal Stopping service [Catalina]
24-Oct-2017 16:06:14.384 INFO [main] org.apache.coyote.AbstractProtocol.stop Stopping ProtocolHandler ["http-nio-8080"]
24-Oct-2017 16:06:14.386 INFO [main] org.apache.coyote.AbstractProtocol.stop Stopping ProtocolHandler ["ajp-nio-8009"]
24-Oct-2017 16:06:14.407 INFO [main] org.apache.coyote.AbstractProtocol.destroy Destroying ProtocolHandler ["http-nio-8080"]
24-Oct-2017 16:06:14.407 INFO [main] org.apache.coyote.AbstractProtocol.destroy Destroying ProtocolHandler ["ajp-nio-8009"]
24-Oct-2017 16:06:16.359 INFO [main] org.apache.catalina.startup.VersionLoggerListener.log Server version:        Apache Tomcat/9.0.1
24-Oct-2017 16:06:16.360 INFO [main] org.apache.catalina.startup.VersionLoggerListener.log Server built:          Sep 27 2017 17:31:52 UTC
24-Oct-2017 16:06:16.361 INFO [main] org.apache.catalina.startup.VersionLoggerListener.log Server number:         9.0.1.0
24-Oct-2017 16:06:16.361 INFO [main] org.apache.catalina.startup.VersionLoggerListener.log OS Name:               Mac OS X
24-Oct-2017 16:06:16.361 INFO [main] org.apache.catalina.startup.VersionLoggerListener.log OS Version:            10.11.6
24-Oct-2017 16:06:16.361 INFO [main] org.apache.catalina.startup.VersionLoggerListener.log Architecture:          x86_64
24-Oct-2017 16:06:16.361 INFO [main] org.apache.catalina.startup.VersionLoggerListener.log Java Home:             /Library/Java/JavaVirtualMachines/jdk1.8.0_152.jdk/Contents/Home/jre
24-Oct-2017 16:06:16.361 INFO [main] org.apache.catalina.startup.VersionLoggerListener.log JVM Version:           1.8.0_152-b16
24-Oct-2017 16:06:16.361 INFO [main] org.apache.catalina.startup.VersionLoggerListener.log JVM Vendor:            Oracle Corporation
24-Oct-2017 16:06:16.361 INFO [main] org.apache.catalina.startup.VersionLoggerListener.log CATALINA_BASE:         /Users/bens/Documents/COMP3400-A2/tomcat
24-Oct-2017 16:06:16.361 INFO [main] org.apache.catalina.startup.VersionLoggerListener.log CATALINA_HOME:         /Users/bens/Documents/COMP3400-A2/tomcat
24-Oct-2017 16:06:16.362 INFO [main] org.apache.catalina.startup.VersionLoggerListener.log Command line argument: -Djava.util.logging.config.file=/Users/bens/Documents/COMP3400-A2/tomcat/conf/logging.properties
24-Oct-2017 16:06:16.362 INFO [main] org.apache.catalina.startup.VersionLoggerListener.log Command line argument: -Djava.util.logging.manager=org.apache.juli.ClassLoaderLogManager
24-Oct-2017 16:06:16.362 INFO [main] org.apache.catalina.startup.VersionLoggerListener.log Command line argument: -Djdk.tls.ephemeralDHKeySize=2048
24-Oct-2017 16:06:16.362 INFO [main] org.apache.catalina.startup.VersionLoggerListener.log Command line argument: -Djava.protocol.handler.pkgs=org.apache.catalina.webresources
24-Oct-2017 16:06:16.362 INFO [main] org.apache.catalina.startup.VersionLoggerListener.log Command line argument: -Dcatalina.base=/Users/bens/Documents/COMP3400-A2/tomcat
24-Oct-2017 16:06:16.362 INFO [main] org.apache.catalina.startup.VersionLoggerListener.log Command line argument: -Dcatalina.home=/Users/bens/Documents/COMP3400-A2/tomcat
24-Oct-2017 16:06:16.362 INFO [main] org.apache.catalina.startup.VersionLoggerListener.log Command line argument: -Djava.io.tmpdir=/Users/bens/Documents/COMP3400-A2/tomcat/temp
24-Oct-2017 16:06:16.362 INFO [main] org.apache.catalina.core.AprLifecycleListener.lifecycleEvent The APR based Apache Tomcat Native library which allows optimal performance in production environments was not found on the java.library.path: [/Users/bens/Library/Java/Extensions:/Library/Java/Extensions:/Network/Library/Java/Extensions:/System/Library/Java/Extensions:/usr/lib/java:.]
24-Oct-2017 16:06:16.449 INFO [main] org.apache.coyote.AbstractProtocol.init Initializing ProtocolHandler ["http-nio-8080"]
24-Oct-2017 16:06:16.463 INFO [main] org.apache.tomcat.util.net.NioSelectorPool.getSharedSelector Using a shared selector for servlet write/read
24-Oct-2017 16:06:16.470 INFO [main] org.apache.coyote.AbstractProtocol.init Initializing ProtocolHandler ["ajp-nio-8009"]
24-Oct-2017 16:06:16.471 INFO [main] org.apache.tomcat.util.net.NioSelectorPool.getSharedSelector Using a shared selector for servlet write/read
24-Oct-2017 16:06:16.471 INFO [main] org.apache.catalina.startup.Catalina.load Initialization processed in 392 ms
24-Oct-2017 16:06:16.489 INFO [main] org.apache.catalina.core.StandardService.startInternal Starting service [Catalina]
24-Oct-2017 16:06:16.489 INFO [main] org.apache.catalina.core.StandardEngine.startInternal Starting Servlet Engine: Apache Tomcat/9.0.1
24-Oct-2017 16:06:16.494 INFO [main] org.apache.catalina.startup.HostConfig.deployDirectory Deploying web application directory [/Users/bens/Documents/COMP3400-A2/tomcat/webapps/axis]
24-Oct-2017 16:06:16.868 INFO [main] org.apache.jasper.servlet.TldScanner.scanJars At least one JAR was scanned for TLDs yet contained no TLDs. Enable debug logging for this logger for a complete list of JARs that were scanned but no TLDs were found in them. Skipping unneeded JARs during scanning can improve startup time and JSP compilation time.
24-Oct-2017 16:06:17.086 INFO [main] org.apache.catalina.startup.HostConfig.deployDirectory Deployment of web application directory [/Users/bens/Documents/COMP3400-A2/tomcat/webapps/axis] has finished in [592] ms
24-Oct-2017 16:06:17.087 INFO [main] org.apache.catalina.startup.HostConfig.deployDirectory Deploying web application directory [/Users/bens/Documents/COMP3400-A2/tomcat/webapps/docs]
24-Oct-2017 16:06:17.098 INFO [main] org.apache.catalina.startup.HostConfig.deployDirectory Deployment of web application directory [/Users/bens/Documents/COMP3400-A2/tomcat/webapps/docs] has finished in [11] ms
24-Oct-2017 16:06:17.098 INFO [main] org.apache.catalina.startup.HostConfig.deployDirectory Deploying web application directory [/Users/bens/Documents/COMP3400-A2/tomcat/webapps/examples]
24-Oct-2017 16:06:17.255 INFO [main] org.apache.catalina.startup.HostConfig.deployDirectory Deployment of web application directory [/Users/bens/Documents/COMP3400-A2/tomcat/webapps/examples] has finished in [157] ms
24-Oct-2017 16:06:17.256 INFO [main] org.apache.catalina.startup.HostConfig.deployDirectory Deploying web application directory [/Users/bens/Documents/COMP3400-A2/tomcat/webapps/host-manager]
24-Oct-2017 16:06:17.275 INFO [main] org.apache.catalina.startup.HostConfig.deployDirectory Deployment of web application directory [/Users/bens/Documents/COMP3400-A2/tomcat/webapps/host-manager] has finished in [20] ms
24-Oct-2017 16:06:17.277 INFO [main] org.apache.catalina.startup.HostConfig.deployDirectory Deploying web application directory [/Users/bens/Documents/COMP3400-A2/tomcat/webapps/manager]
24-Oct-2017 16:06:17.293 INFO [main] org.apache.catalina.startup.HostConfig.deployDirectory Deployment of web application directory [/Users/bens/Documents/COMP3400-A2/tomcat/webapps/manager] has finished in [16] ms
24-Oct-2017 16:06:17.293 INFO [main] org.apache.catalina.startup.HostConfig.deployDirectory Deploying web application directory [/Users/bens/Documents/COMP3400-A2/tomcat/webapps/ROOT]
24-Oct-2017 16:06:17.301 INFO [main] org.apache.catalina.startup.HostConfig.deployDirectory Deployment of web application directory [/Users/bens/Documents/COMP3400-A2/tomcat/webapps/ROOT] has finished in [8] ms
24-Oct-2017 16:06:17.304 INFO [main] org.apache.coyote.AbstractProtocol.start Starting ProtocolHandler ["http-nio-8080"]
24-Oct-2017 16:06:17.309 INFO [main] org.apache.coyote.AbstractProtocol.start Starting ProtocolHandler ["ajp-nio-8009"]
24-Oct-2017 16:06:17.311 INFO [main] org.apache.catalina.startup.Catalina.start Server startup in 839 ms
24-Oct-2017 16:34:39.061 INFO [main] org.apache.catalina.core.StandardServer.await A valid shutdown command was received via the shutdown port. Stopping the Server instance.
24-Oct-2017 16:34:39.062 INFO [main] org.apache.coyote.AbstractProtocol.pause Pausing ProtocolHandler ["http-nio-8080"]
24-Oct-2017 16:34:39.116 INFO [main] org.apache.coyote.AbstractProtocol.pause Pausing ProtocolHandler ["ajp-nio-8009"]
24-Oct-2017 16:34:39.171 INFO [main] org.apache.catalina.core.StandardService.stopInternal Stopping service [Catalina]
24-Oct-2017 16:34:39.188 INFO [main] org.apache.coyote.AbstractProtocol.stop Stopping ProtocolHandler ["http-nio-8080"]
24-Oct-2017 16:34:39.190 INFO [main] org.apache.coyote.AbstractProtocol.stop Stopping ProtocolHandler ["ajp-nio-8009"]
24-Oct-2017 16:34:39.190 INFO [main] org.apache.coyote.AbstractProtocol.destroy Destroying ProtocolHandler ["http-nio-8080"]
24-Oct-2017 16:34:39.191 INFO [main] org.apache.coyote.AbstractProtocol.destroy Destroying ProtocolHandler ["ajp-nio-8009"]
24-Oct-2017 16:34:40.613 INFO [main] org.apache.catalina.startup.VersionLoggerListener.log Server version:        Apache Tomcat/9.0.1
24-Oct-2017 16:34:40.615 INFO [main] org.apache.catalina.startup.VersionLoggerListener.log Server built:          Sep 27 2017 17:31:52 UTC
24-Oct-2017 16:34:40.615 INFO [main] org.apache.catalina.startup.VersionLoggerListener.log Server number:         9.0.1.0
24-Oct-2017 16:34:40.615 INFO [main] org.apache.catalina.startup.VersionLoggerListener.log OS Name:               Mac OS X
24-Oct-2017 16:34:40.615 INFO [main] org.apache.catalina.startup.VersionLoggerListener.log OS Version:            10.11.6
24-Oct-2017 16:34:40.615 INFO [main] org.apache.catalina.startup.VersionLoggerListener.log Architecture:          x86_64
24-Oct-2017 16:34:40.615 INFO [main] org.apache.catalina.startup.VersionLoggerListener.log Java Home:             /Library/Java/JavaVirtualMachines/jdk1.8.0_152.jdk/Contents/Home/jre
24-Oct-2017 16:34:40.615 INFO [main] org.apache.catalina.startup.VersionLoggerListener.log JVM Version:           1.8.0_152-b16
24-Oct-2017 16:34:40.615 INFO [main] org.apache.catalina.startup.VersionLoggerListener.log JVM Vendor:            Oracle Corporation
24-Oct-2017 16:34:40.615 INFO [main] org.apache.catalina.startup.VersionLoggerListener.log CATALINA_BASE:         /Users/bens/Documents/COMP3400-A2/tomcat
24-Oct-2017 16:34:40.615 INFO [main] org.apache.catalina.startup.VersionLoggerListener.log CATALINA_HOME:         /Users/bens/Documents/COMP3400-A2/tomcat
24-Oct-2017 16:34:40.616 INFO [main] org.apache.catalina.startup.VersionLoggerListener.log Command line argument: -Djava.util.logging.config.file=/Users/bens/Documents/COMP3400-A2/tomcat/conf/logging.properties
24-Oct-2017 16:34:40.616 INFO [main] org.apache.catalina.startup.VersionLoggerListener.log Command line argument: -Djava.util.logging.manager=org.apache.juli.ClassLoaderLogManager
24-Oct-2017 16:34:40.616 INFO [main] org.apache.catalina.startup.VersionLoggerListener.log Command line argument: -Djdk.tls.ephemeralDHKeySize=2048
24-Oct-2017 16:34:40.616 INFO [main] org.apache.catalina.startup.VersionLoggerListener.log Command line argument: -Djava.protocol.handler.pkgs=org.apache.catalina.webresources
24-Oct-2017 16:34:40.616 INFO [main] org.apache.catalina.startup.VersionLoggerListener.log Command line argument: -Dcatalina.base=/Users/bens/Documents/COMP3400-A2/tomcat
24-Oct-2017 16:34:40.616 INFO [main] org.apache.catalina.startup.VersionLoggerListener.log Command line argument: -Dcatalina.home=/Users/bens/Documents/COMP3400-A2/tomcat
24-Oct-2017 16:34:40.618 INFO [main] org.apache.catalina.startup.VersionLoggerListener.log Command line argument: -Djava.io.tmpdir=/Users/bens/Documents/COMP3400-A2/tomcat/temp
24-Oct-2017 16:34:40.618 INFO [main] org.apache.catalina.core.AprLifecycleListener.lifecycleEvent The APR based Apache Tomcat Native library which allows optimal performance in production environments was not found on the java.library.path: [/Users/bens/Library/Java/Extensions:/Library/Java/Extensions:/Network/Library/Java/Extensions:/System/Library/Java/Extensions:/usr/lib/java:.]
24-Oct-2017 16:34:40.722 INFO [main] org.apache.coyote.AbstractProtocol.init Initializing ProtocolHandler ["http-nio-8080"]
24-Oct-2017 16:34:40.737 INFO [main] org.apache.tomcat.util.net.NioSelectorPool.getSharedSelector Using a shared selector for servlet write/read
24-Oct-2017 16:34:40.744 INFO [main] org.apache.coyote.AbstractProtocol.init Initializing ProtocolHandler ["ajp-nio-8009"]
24-Oct-2017 16:34:40.745 INFO [main] org.apache.tomcat.util.net.NioSelectorPool.getSharedSelector Using a shared selector for servlet write/read
24-Oct-2017 16:34:40.746 INFO [main] org.apache.catalina.startup.Catalina.load Initialization processed in 395 ms
24-Oct-2017 16:34:40.775 INFO [main] org.apache.catalina.core.StandardService.startInternal Starting service [Catalina]
24-Oct-2017 16:34:40.775 INFO [main] org.apache.catalina.core.StandardEngine.startInternal Starting Servlet Engine: Apache Tomcat/9.0.1
24-Oct-2017 16:34:40.780 INFO [main] org.apache.catalina.startup.HostConfig.deployDirectory Deploying web application directory [/Users/bens/Documents/COMP3400-A2/tomcat/webapps/axis]
24-Oct-2017 16:34:41.191 INFO [main] org.apache.jasper.servlet.TldScanner.scanJars At least one JAR was scanned for TLDs yet contained no TLDs. Enable debug logging for this logger for a complete list of JARs that were scanned but no TLDs were found in them. Skipping unneeded JARs during scanning can improve startup time and JSP compilation time.
24-Oct-2017 16:34:41.405 INFO [main] org.apache.catalina.startup.HostConfig.deployDirectory Deployment of web application directory [/Users/bens/Documents/COMP3400-A2/tomcat/webapps/axis] has finished in [625] ms
24-Oct-2017 16:34:41.405 INFO [main] org.apache.catalina.startup.HostConfig.deployDirectory Deploying web application directory [/Users/bens/Documents/COMP3400-A2/tomcat/webapps/docs]
24-Oct-2017 16:34:41.417 INFO [main] org.apache.catalina.startup.HostConfig.deployDirectory Deployment of web application directory [/Users/bens/Documents/COMP3400-A2/tomcat/webapps/docs] has finished in [12] ms
24-Oct-2017 16:34:41.417 INFO [main] org.apache.catalina.startup.HostConfig.deployDirectory Deploying web application directory [/Users/bens/Documents/COMP3400-A2/tomcat/webapps/examples]
24-Oct-2017 16:34:41.601 INFO [main] org.apache.catalina.startup.HostConfig.deployDirectory Deployment of web application directory [/Users/bens/Documents/COMP3400-A2/tomcat/webapps/examples] has finished in [184] ms
24-Oct-2017 16:34:41.601 INFO [main] org.apache.catalina.startup.HostConfig.deployDirectory Deploying web application directory [/Users/bens/Documents/COMP3400-A2/tomcat/webapps/host-manager]
24-Oct-2017 16:34:41.619 INFO [main] org.apache.catalina.startup.HostConfig.deployDirectory Deployment of web application directory [/Users/bens/Documents/COMP3400-A2/tomcat/webapps/host-manager] has finished in [18] ms
24-Oct-2017 16:34:41.619 INFO [main] org.apache.catalina.startup.HostConfig.deployDirectory Deploying web application directory [/Users/bens/Documents/COMP3400-A2/tomcat/webapps/manager]
24-Oct-2017 16:34:41.632 INFO [main] org.apache.catalina.startup.HostConfig.deployDirectory Deployment of web application directory [/Users/bens/Documents/COMP3400-A2/tomcat/webapps/manager] has finished in [13] ms
24-Oct-2017 16:34:41.632 INFO [main] org.apache.catalina.startup.HostConfig.deployDirectory Deploying web application directory [/Users/bens/Documents/COMP3400-A2/tomcat/webapps/ROOT]
24-Oct-2017 16:34:41.641 INFO [main] org.apache.catalina.startup.HostConfig.deployDirectory Deployment of web application directory [/Users/bens/Documents/COMP3400-A2/tomcat/webapps/ROOT] has finished in [9] ms
24-Oct-2017 16:34:41.643 INFO [main] org.apache.coyote.AbstractProtocol.start Starting ProtocolHandler ["http-nio-8080"]
24-Oct-2017 16:34:41.650 INFO [main] org.apache.coyote.AbstractProtocol.start Starting ProtocolHandler ["ajp-nio-8009"]
24-Oct-2017 16:34:41.652 INFO [main] org.apache.catalina.startup.Catalina.start Server startup in 906 ms
24-Oct-2017 17:38:35.638 INFO [Thread-6] org.apache.coyote.AbstractProtocol.pause Pausing ProtocolHandler ["http-nio-8080"]
24-Oct-2017 17:38:35.646 INFO [Thread-6] org.apache.coyote.AbstractProtocol.pause Pausing ProtocolHandler ["ajp-nio-8009"]
24-Oct-2017 17:38:35.697 INFO [Thread-6] org.apache.catalina.core.StandardService.stopInternal Stopping service [Catalina]
24-Oct-2017 17:38:35.719 INFO [Thread-6] org.apache.coyote.AbstractProtocol.stop Stopping ProtocolHandler ["http-nio-8080"]
24-Oct-2017 17:38:35.721 INFO [Thread-6] org.apache.coyote.AbstractProtocol.stop Stopping ProtocolHandler ["ajp-nio-8009"]
24-Oct-2017 17:38:35.722 INFO [Thread-6] org.apache.coyote.AbstractProtocol.destroy Destroying ProtocolHandler ["http-nio-8080"]
24-Oct-2017 17:38:35.723 INFO [Thread-6] org.apache.coyote.AbstractProtocol.destroy Destroying ProtocolHandler ["ajp-nio-8009"]
