24-Oct-2017 10:27:20.154 INFO [main] org.apache.catalina.core.ApplicationContext.log ContextListener: contextInitialized()
24-Oct-2017 10:27:20.154 INFO [main] org.apache.catalina.core.ApplicationContext.log SessionListener: contextInitialized()
24-Oct-2017 12:43:58.928 INFO [main] org.apache.catalina.core.ApplicationContext.log SessionListener: contextDestroyed()
24-Oct-2017 12:43:58.928 INFO [main] org.apache.catalina.core.ApplicationContext.log ContextListener: contextDestroyed()
24-Oct-2017 12:44:16.721 INFO [main] org.apache.catalina.core.ApplicationContext.log ContextListener: contextInitialized()
24-Oct-2017 12:44:16.721 INFO [main] org.apache.catalina.core.ApplicationContext.log SessionListener: contextInitialized()
24-Oct-2017 12:44:25.913 INFO [main] org.apache.catalina.core.ApplicationContext.log SessionListener: contextDestroyed()
24-Oct-2017 12:44:25.913 INFO [main] org.apache.catalina.core.ApplicationContext.log ContextListener: contextDestroyed()
24-Oct-2017 15:27:51.794 INFO [main] org.apache.catalina.core.ApplicationContext.log ContextListener: contextInitialized()
24-Oct-2017 15:27:51.794 INFO [main] org.apache.catalina.core.ApplicationContext.log SessionListener: contextInitialized()
24-Oct-2017 15:35:07.206 INFO [main] org.apache.catalina.core.ApplicationContext.log SessionListener: contextDestroyed()
24-Oct-2017 15:35:07.206 INFO [main] org.apache.catalina.core.ApplicationContext.log ContextListener: contextDestroyed()
24-Oct-2017 15:35:11.361 INFO [main] org.apache.catalina.core.ApplicationContext.log ContextListener: contextInitialized()
24-Oct-2017 15:35:11.362 INFO [main] org.apache.catalina.core.ApplicationContext.log SessionListener: contextInitialized()
24-Oct-2017 16:03:54.507 INFO [main] org.apache.catalina.core.ApplicationContext.log SessionListener: contextDestroyed()
24-Oct-2017 16:03:54.508 INFO [main] org.apache.catalina.core.ApplicationContext.log ContextListener: contextDestroyed()
24-Oct-2017 16:03:58.482 INFO [main] org.apache.catalina.core.ApplicationContext.log ContextListener: contextInitialized()
24-Oct-2017 16:03:58.482 INFO [main] org.apache.catalina.core.ApplicationContext.log SessionListener: contextInitialized()
24-Oct-2017 16:06:14.377 INFO [main] org.apache.catalina.core.ApplicationContext.log SessionListener: contextDestroyed()
24-Oct-2017 16:06:14.377 INFO [main] org.apache.catalina.core.ApplicationContext.log ContextListener: contextDestroyed()
24-Oct-2017 16:06:17.252 INFO [main] org.apache.catalina.core.ApplicationContext.log ContextListener: contextInitialized()
24-Oct-2017 16:06:17.252 INFO [main] org.apache.catalina.core.ApplicationContext.log SessionListener: contextInitialized()
24-Oct-2017 16:34:39.181 INFO [main] org.apache.catalina.core.ApplicationContext.log SessionListener: contextDestroyed()
24-Oct-2017 16:34:39.181 INFO [main] org.apache.catalina.core.ApplicationContext.log ContextListener: contextDestroyed()
24-Oct-2017 16:34:41.598 INFO [main] org.apache.catalina.core.ApplicationContext.log ContextListener: contextInitialized()
24-Oct-2017 16:34:41.598 INFO [main] org.apache.catalina.core.ApplicationContext.log SessionListener: contextInitialized()
24-Oct-2017 17:38:35.709 INFO [Thread-6] org.apache.catalina.core.ApplicationContext.log SessionListener: contextDestroyed()
24-Oct-2017 17:38:35.709 INFO [Thread-6] org.apache.catalina.core.ApplicationContext.log ContextListener: contextDestroyed()
